11/04/2005 9:37:11 AM: \\bee\ssw\StandardsInternal\VisualBuildProSetup\VBPMasterBuild.bld, Build failed (step: Get Version Number)
11/04/2005 4:45:06 PM: \\bee\ssw\StandardsInternal\VisualBuildProSetup\VBPMasterBuild.bld, Build failed (step: Mode of build)
11/04/2005 4:45:11 PM: \\bee\ssw\StandardsInternal\VisualBuildProSetup\VBPMasterBuild.bld, Build failed (step: Mode of build)
11/04/2005 4:45:22 PM: \\bee\ssw\StandardsInternal\VisualBuildProSetup\VBPMasterBuild.bld, Build failed (step: Mode of build)
11/04/2005 4:45:36 PM: \\bee\ssw\StandardsInternal\VisualBuildProSetup\VBPMasterBuild.bld, Build failed (step: Mode of build)
14/04/2005 2:55:17 PM: \\bee\ssw\StandardsInternal\VisualBuildProSetup\VBPMasterBuild.bld, Build failed (step: Mode of build)
13/05/2005 5:22:29 PM: \\bee\ssw\StandardsInternal\VisualBuildProSetup\VBPMasterBuild.bld, Build failed (step: Build From Wise)
13/05/2005 5:22:39 PM: \\bee\ssw\StandardsInternal\VisualBuildProSetup\VBPMasterBuild.bld, Build failed (step: Mode of build)
23/05/2005 3:03:12 PM: \\bee\ssw\StandardsInternal\VisualBuildProSetup\VBPMasterBuild.bld, Build failed (step: Mode of build)
5/08/2005 3:02:21 PM: \\bee\ssw\StandardsInternal\VisualBuildProSetup\VBPMasterBuild.bld, Build failed (step: Mode of build)
19/08/2005 4:18:24 PM: \\bee\ssw\StandardsInternal\VisualBuildProSetup\VBPMasterBuild.bld, Build failed (step: Mode of build)
12/01/2006 2:55:00 PM: \\frog\ssw\StandardsInternal\VisualBuildProSetup\VBPMasterBuild.bld, Build failed (step: Mode of build)
12/01/2006 2:55:10 PM: \\frog\ssw\StandardsInternal\VisualBuildProSetup\VBPMasterBuild.bld, Build failed (step: Mode of build)
6/02/2006 3:44:30 PM: \\frog\ssw\StandardsInternal\VisualBuildProSetup\VBPMasterBuild.bld, Build failed (step: Mode of build)
14/02/2006 5:28:26 PM: \\Frog\ssw\StandardsInternal\VisualBuildProSetup\VBPMasterBuild.bld, Build failed (step: Mode of build)
17/02/2006 4:56:48 PM: \\frog\ssw\StandardsInternal\VisualBuildProSetup\VBPMasterBuild.bld, Build failed (step: Build From Wise)
21/02/2006 2:59:51 PM: \\frog\ssw\standardsinternal\VisualBuildProSetup\VBPMasterBuild.bld, Build failed (step: Mode of build)
27/03/2006 6:25:20 PM: \\frog\ssw\StandardsInternal\VisualBuildProSetup\VBPMasterBuild.bld, Build failed (step: Mode of build)
27/03/2006 6:26:03 PM: \\frog\ssw\StandardsInternal\VisualBuildProSetup\VBPMasterBuild.bld, Build failed (step: Mode of build)
27/03/2006 6:53:38 PM: \\frog\ssw\StandardsInternal\VisualBuildProSetup\VBPMasterBuild.bld, Build failed (step: Mode of build)
27/03/2006 6:53:46 PM: \\frog\ssw\StandardsInternal\VisualBuildProSetup\VBPMasterBuild.bld, Build failed (step: Mode of build)
27/03/2006 6:54:11 PM: \\frog\ssw\StandardsInternal\VisualBuildProSetup\VBPMasterBuild.bld, Build failed (step: Mode of build)
4/11/2006 9:57:46 AM: \\frog\ssw\standardsinternal\VisualBuildProSetup\VBPMasterBuild.bld, Build failed (step: Mode of build)
28/04/2006 3:07:50 PM: \\frog\ssw\standardsinternal\VisualBuildProSetup\VBPMasterBuild.bld, Build failed (step: If any file is Checked-out, SKIP ALL)
28/04/2006 3:08:11 PM: \\frog\ssw\standardsinternal\VisualBuildProSetup\VBPMasterBuild.bld, Build failed (step: Get Latest of .sln file)
28/04/2006 3:16:20 PM: \\frog\ssw\standardsinternal\VisualBuildProSetup\VBPMasterBuild.bld, Build failed (step: If any file is Checked-out, SKIP ALL)
1/05/2006 10:45:41 AM: \\frog\ssw\standardsinternal\VisualBuildProSetup\VBPMasterBuild.bld, Build failed (step: Mode of build)
1/05/2006 10:45:52 AM: \\frog\ssw\standardsinternal\VisualBuildProSetup\VBPMasterBuild.bld, Build failed (step: Get Version Number)
1/05/2006 10:46:36 AM: \\frog\ssw\standardsinternal\VisualBuildProSetup\VBPMasterBuild.bld, Build failed (step: Build Solution)
1/05/2006 10:47:42 AM: \\frog\ssw\standardsinternal\VisualBuildProSetup\VBPMasterBuild.bld, Build failed (step: Build From Wise)
1/05/2006 10:51:17 AM: \\frog\ssw\standardsinternal\VisualBuildProSetup\VBPMasterBuild.bld, Build failed (step: Get Version Number)
1/05/2006 10:52:11 AM: \\frog\ssw\standardsinternal\VisualBuildProSetup\VBPMasterBuild.bld, Build failed (step: Build From Wise)
1/05/2006 11:16:32 AM: \\frog\ssw\standardsinternal\VisualBuildProSetup\VBPMasterBuild.bld, Build failed (step: Mode of build)
1/05/2006 11:16:42 AM: \\frog\ssw\standardsinternal\VisualBuildProSetup\VBPMasterBuild.bld, Build failed (step: Mode of build)
1/05/2006 11:16:55 AM: \\frog\ssw\standardsinternal\VisualBuildProSetup\VBPMasterBuild.bld, Build failed (step: Get Version Number)
1/05/2006 11:17:05 AM: \\frog\ssw\standardsinternal\VisualBuildProSetup\VBPMasterBuild.bld, Build failed (step: Get Version Number)
1/05/2006 11:17:53 AM: \\frog\ssw\standardsinternal\VisualBuildProSetup\VBPMasterBuild.bld, Build failed (step: Build From Wise)
8/05/2006 9:54:12 AM: \\frog\ssw\standardsinternal\VisualBuildProSetup\VBPMasterBuild.bld, Build failed (step: Mode of build)
8/05/2006 9:54:21 AM: \\frog\ssw\standardsinternal\VisualBuildProSetup\VBPMasterBuild.bld, Build failed (step: Get Version Number)
13/11/2006 3:48:48 PM: \\ant\ssw\StandardsInternal\VisualBuildProSetup\VBPMasterBuild.bld, Build failed (step: If any file is Checked-out, SKIP ALL)
13/11/2006 3:48:53 PM: \\ant\ssw\StandardsInternal\VisualBuildProSetup\VBPMasterBuild.bld, Build failed (step: Get Latest of Current Solution)
13/11/2006 3:49:00 PM: \\ant\ssw\StandardsInternal\VisualBuildProSetup\VBPMasterBuild.bld, Build failed (step: Get Version Number)
13/11/2006 3:49:08 PM: \\ant\ssw\StandardsInternal\VisualBuildProSetup\VBPMasterBuild.bld, Build failed (step: Build Solution)
