17/03/2005 2:46:04 PM: Build successfully completed.
17/03/2005 2:46:08 PM: --------------------Starting Build: '\\bee\ssw\StandardsInternal\VisualBuildProSetup\VBPMasterBuild.bld'--------------------
17/03/2005 2:46:08 PM: Building project step 'Get exe File Description from Telnet'...
VISBUILDPRO 144608 0000 INF: started process 0x228 trace on 03-17-2005 14:46:08 [3.60.3650]
VISBUILDPRO 144608 0000 INF: gethostbyname("www.ssw.com.au") returned 61.8.3.146 (www.ssw.com.au)
VISBUILDPRO 144608 0000 INF: socket(2, 1, 0) returned 1056
VISBUILDPRO 144608 0000 INF: ioctlsocket(1056, 0x8004667e, 0x1c5f3e4) returned 0
VISBUILDPRO 144608 0000 WRN: connect(1056, 61.8.3.146:21, 16) returned -1 [10035]
VISBUILDPRO 144608 0125 INF: select(64, 0x0, 0x1c5f3f8, 0x0, 10:0) returned 1
VISBUILDPRO 144609 1000 INF: select(64, 0x1c5f240, 0x0, 0x0, 10:0) returned 1
VISBUILDPRO 144609 0000 INF: recv(1056, 0x2ae071d, 1024, 0) returned 49
            0000  32 32 30 20 53 65 72 76:2D 55 20 46 54 50 20 53  220 Serv-U FTP S
            0010  65 72 76 65 72 20 76 33:2E 30 20 66 6F 72 20 57  erver v3.0 for W
            0020  69 6E 53 6F 63 6B 20 72:65 61 64 79 2E 2E 2E 0D  inSock ready....
            0030  0A                                               .
VISBUILDPRO 144609 0000 INF: select(64, 0x0, 0x1c5f248, 0x0, 10:0) returned 1
VISBUILDPRO 144609 0000 INF: send(1056, 0x2ae0b28, 10, 0) returned 10
            0000  55 53 45 52 20 73 73 77:0D 0A                    USER ssw..
VISBUILDPRO 144610 1000 INF: select(64, 0x1c5f240, 0x0, 0x0, 10:0) returned 1
VISBUILDPRO 144610 0000 INF: recv(1056, 0x2ae071d, 1024, 0) returned 36
            0000  33 33 31 20 55 73 65 72:20 6E 61 6D 65 20 6F 6B  331 User name ok
            0010  61 79 2C 20 6E 65 65 64:20 70 61 73 73 77 6F 72  ay, need passwor
            0020  64 2E 0D 0A                                      d...
VISBUILDPRO 144610 0000 INF: select(64, 0x0, 0x1c5f248, 0x0, 10:0) returned 1
VISBUILDPRO 144610 0000 INF: send(1056, 0x2ae0b28, 15, 0) returned 15
            0000  50 41 53 53 20 72 61 74:69 6E 67 32 37 0D 0A     PASS rating27..
VISBUILDPRO 144611 1000 INF: select(64, 0x1c5f240, 0x0, 0x0, 10:0) returned 1
VISBUILDPRO 144611 0000 INF: recv(1056, 0x2ae071d, 1024, 0) returned 30
            0000  32 33 30 20 55 73 65 72:20 6C 6F 67 67 65 64 20  230 User logged 
            0010  69 6E 2C 20 70 72 6F 63:65 65 64 2E 0D 0A        in, proceed...
VISBUILDPRO 144611 0000 INF: select(64, 0x0, 0x1c5f248, 0x0, 10:0) returned 1
VISBUILDPRO 144611 0000 INF: send(1056, 0x2ae0b28, 14, 0) returned 14
            0000  43 57 44 20 44 6F 77 6E:6C 6F 61 64 0D 0A        CWD Download..
VISBUILDPRO 144612 1000 INF: select(64, 0x1c5f240, 0x0, 0x0, 10:0) returned 1
VISBUILDPRO 144612 0000 INF: recv(1056, 0x2ae071d, 1024, 0) returned 59
            0000  32 35 30 20 44 69 72 65:63 74 6F 72 79 20 63 68  250 Directory ch
            0010  61 6E 67 65 64 20 74 6F:20 2F 64 3A 2F 49 6E 65  anged to /d:/Ine
            0020  74 70 75 62 2F 77 77 77:72 6F 6F 74 2F 53 53 57  tpub/wwwroot/SSW
            0030  2F 44 6F 77 6E 6C 6F 61:64 0D 0A                 /Download..
VISBUILDPRO 144612 0000 INF: select(64, 0x0, 0x1c5f248, 0x0, 10:0) returned 1
VISBUILDPRO 144612 0000 INF: send(1056, 0x2ae0b28, 34, 0) returned 34
            0000  4D 44 54 4D 20 53 53 57:65 58 74 72 65 6D 65 45  MDTM SSWeXtremeE
            0010  6D 61 69 6C 73 5F 76 65:72 32 2D 34 2E 65 78 65  mails_ver2-4.exe
            0020  0D 0A                                            ..
VISBUILDPRO 144613 1000 INF: select(64, 0x1c5f240, 0x0, 0x0, 10:0) returned 1
VISBUILDPRO 144613 0000 INF: recv(1056, 0x2ae071d, 1024, 0) returned 94
            0000  35 35 30 20 2F 64 3A 2F:49 6E 65 74 70 75 62 2F  550 /d:/Inetpub/
            0010  77 77 77 72 6F 6F 74 2F:53 53 57 2F 44 6F 77 6E  wwwroot/SSW/Down
            0020  6C 6F 61 64 2F 53 53 57:65 58 74 72 65 6D 65 45  load/SSWeXtremeE
            0030  6D 61 69 6C 73 5F 76 65:72 32 2D 34 2E 65 78 65  mails_ver2-4.exe
            0040  3A 20 4E 6F 20 73 75 63:68 20 66 69 6C 65 20 6F  : No such file o
            0050  72 20 64 69 72 65 63 74:6F 72 79 2E 0D 0A        r directory...
VISBUILDPRO 144613 0016 INF: stopped process 0x228 trace on 03-17-2005 14:46:13
Response did not match 213
17/03/2005 2:46:14 PM: Step 'Get exe File Description from Telnet' failed
17/03/2005 2:46:14 PM: Build ended.
1/04/2005 7:12:54 PM: --------------------Starting Build: '\\bee\ssw\StandardsInternal\VisualBuildProSetup\VBPMasterBuild.bld'--------------------
1/04/2005 7:12:54 PM: Building project step 'Make Release dlls writable'...
1/04/2005 7:12:54 PM: Build successfully completed.
11/04/2005 9:35:58 AM: --------------------Starting Build: '\\bee\ssw\StandardsInternal\VisualBuildProSetup\VBPMasterBuild.bld'--------------------
11/04/2005 9:35:58 AM: Building project step 'Mode of build'...
Error at Line 3, Column 1  (Object required: 'objMacro')
11/04/2005 9:35:59 AM: Step 'Mode of build' failed
11/04/2005 9:35:59 AM: Build ended.
11/04/2005 9:36:05 AM: --------------------Starting Build: '\\bee\ssw\StandardsInternal\VisualBuildProSetup\VBPMasterBuild.bld'--------------------
11/04/2005 9:36:05 AM: Building project step 'Mode of build'...
Error at Line 3, Column 1  (Object required: 'objMacro')
11/04/2005 9:36:05 AM: Step 'Mode of build' failed
11/04/2005 9:36:05 AM: Build ended.
11/04/2005 9:36:08 AM: --------------------Starting Build: '\\bee\ssw\StandardsInternal\VisualBuildProSetup\VBPMasterBuild.bld'--------------------
11/04/2005 9:36:08 AM: Building project step 'VBP Build Process'...
11/04/2005 9:36:08 AM: Step skipped
11/04/2005 9:36:08 AM: Building project step 'Get Latest of Current Solution'...
11/04/2005 9:36:08 AM: Step skipped
11/04/2005 9:36:08 AM: Building project step 'Get Latest Loop'...
11/04/2005 9:36:08 AM: Step skipped
11/04/2005 9:36:08 AM: Building project step 'Set Macro'...
11/04/2005 9:36:08 AM: Step skipped
11/04/2005 9:36:08 AM: Building project step 'Get Latest Referenced Projects'...
11/04/2005 9:36:08 AM: Step skipped
11/04/2005 9:36:09 AM: Building project step 'Increment Counter'...
11/04/2005 9:36:09 AM: Step skipped
11/04/2005 9:36:09 AM: Building project step 'Remove VSS Solution Binding'...
11/04/2005 9:36:09 AM: Step skipped
11/04/2005 9:36:09 AM: Building project step 'Build Projects'...
11/04/2005 9:36:09 AM: Step skipped
11/04/2005 9:36:09 AM: Building project step 'Get Version Number'...
11/04/2005 9:36:09 AM: Step skipped
11/04/2005 9:36:09 AM: Building project step 'Make Release dlls writable'...
11/04/2005 9:36:09 AM: Step skipped
11/04/2005 9:36:09 AM: Building project step 'Build Solution'...
11/04/2005 9:36:09 AM: Step skipped
11/04/2005 9:36:09 AM: Building project step 'Delete Obj Folder'...
11/04/2005 9:36:09 AM: Step skipped
11/04/2005 9:36:09 AM: Building project step 'Tests'...
11/04/2005 9:36:09 AM: Step skipped
11/04/2005 9:36:09 AM: Building project step 'Run NUnit'...
11/04/2005 9:36:09 AM: Step skipped
11/04/2005 9:36:10 AM: Building project step 'Code Auditor'...
11/04/2005 9:36:10 AM: Step skipped
11/04/2005 9:36:10 AM: Building project step 'Create Installs'...
11/04/2005 9:36:10 AM: Step skipped
11/04/2005 9:36:10 AM: Building project step 'Create Temp Wise Build'...
11/04/2005 9:36:10 AM: Step skipped
11/04/2005 9:36:10 AM: Building project step 'Rename Temp Wise Build'...
11/04/2005 9:36:10 AM: Step skipped
11/04/2005 9:36:10 AM: Building project step 'Move Temp Wise Build'...
11/04/2005 9:36:10 AM: Step skipped
11/04/2005 9:36:10 AM: Building project step 'Hardcode Version Number'...
11/04/2005 9:36:10 AM: Step skipped
11/04/2005 9:36:10 AM: Building project step 'Build From Wise'...
11/04/2005 9:36:10 AM: Step skipped
11/04/2005 9:36:11 AM: Building project step 'Build From Wise 6.0'...
11/04/2005 9:36:11 AM: Step skipped
11/04/2005 9:36:11 AM: Building project step 'Delete Temp File'...
11/04/2005 9:36:11 AM: Step skipped
11/04/2005 9:36:11 AM: Building project step 'Prep File'...
11/04/2005 9:36:11 AM: Step skipped
11/04/2005 9:36:11 AM: Building project step 'zz Previous Versions'...
11/04/2005 9:36:11 AM: Step skipped
11/04/2005 9:36:11 AM: Building project step 'Move zzed to zzed folder'...
11/04/2005 9:36:11 AM: Step skipped
11/04/2005 9:36:11 AM: Building project step 'Move Executables'...
11/04/2005 9:36:11 AM: Step skipped
11/04/2005 9:36:11 AM: Building project step 'Publish Web Service'...
11/04/2005 9:36:11 AM: Step skipped
11/04/2005 9:36:11 AM: Building project step 'Release Build'...
11/04/2005 9:36:12 AM: Step skipped
11/04/2005 9:36:12 AM: Building project step 'Get File Size'...
11/04/2005 9:36:12 AM: Step skipped
11/04/2005 9:36:12 AM: Building project step 'Delete Previous from Seal'...
11/04/2005 9:36:12 AM: Step skipped
11/04/2005 9:36:12 AM: Building project step 'Create FTP Script File'...
11/04/2005 9:36:12 AM: Step skipped
11/04/2005 9:36:12 AM: Building project step 'Run FTP from command line'...
11/04/2005 9:36:12 AM: Step skipped
11/04/2005 9:36:12 AM: Building project step 'Remove FTP Script File'...
11/04/2005 9:36:12 AM: Step skipped
11/04/2005 9:36:13 AM: Building project step 'FTP exe file'...
11/04/2005 9:36:13 AM: Step skipped
11/04/2005 9:36:13 AM: Building project step 'FTP msi file'...
11/04/2005 9:36:13 AM: Step skipped
11/04/2005 9:36:13 AM: Building project step 'FTP ini file'...
11/04/2005 9:36:13 AM: Step skipped
11/04/2005 9:36:13 AM: Building project step 'Sync Remote File Timestamp'...
11/04/2005 9:36:13 AM: Step skipped
11/04/2005 9:36:13 AM: Building project step 'Delete Log File'...
11/04/2005 9:36:13 AM: Step skipped
11/04/2005 9:36:14 AM: Building project step 'Get exe File Description from Telnet'...
11/04/2005 9:36:14 AM: Step skipped
11/04/2005 9:36:14 AM: Building project step 'Get msi File Description from Telnet'...
11/04/2005 9:36:14 AM: Step skipped
11/04/2005 9:36:14 AM: Building project step 'Set DateTime from Log File'...
11/04/2005 9:36:14 AM: Step skipped
11/04/2005 9:36:14 AM: Building project step 'SSW Products'...
11/04/2005 9:36:14 AM: Step skipped
11/04/2005 9:36:14 AM: Building project step 'Update SSWData2000 with exe'...
11/04/2005 9:36:14 AM: Step skipped
11/04/2005 9:36:15 AM: Building project step 'Update SSWData2000 with msi'...
11/04/2005 9:36:15 AM: Step skipped
11/04/2005 9:36:15 AM: Building project step 'Clean Up'...
11/04/2005 9:36:15 AM: Step skipped
11/04/2005 9:36:15 AM: Building project step 'Done'...
11/04/2005 9:36:15 AM: Step skipped
11/04/2005 9:36:15 AM: Building project step 'Notify of Completion'...
11/04/2005 9:36:15 AM: Step skipped
11/04/2005 9:36:15 AM: Building project step 'Notify of Release'...
11/04/2005 9:36:15 AM: Step skipped
11/04/2005 9:36:15 AM: Building project step 'Write completion'...
11/04/2005 9:36:15 AM: Step skipped
11/04/2005 9:36:16 AM: Building project step 'Confirmation'...
11/04/2005 9:36:16 AM: Step skipped
11/04/2005 9:36:16 AM: Build successfully completed.
11/04/2005 9:36:38 AM: --------------------Starting Build: '\\bee\ssw\StandardsInternal\VisualBuildProSetup\VBPMasterBuild.bld'--------------------
11/04/2005 9:36:38 AM: Building project step 'VBP Build Process'...
11/04/2005 9:36:38 AM: Building project step 'Get Latest of Current Solution'...
11/04/2005 9:36:50 AM: Build canceled by user.
11/04/2005 9:37:10 AM: --------------------Starting Build: '\\bee\ssw\StandardsInternal\VisualBuildProSetup\VBPMasterBuild.bld'--------------------
11/04/2005 9:37:10 AM: Building project step 'Build Projects'...
11/04/2005 9:37:10 AM: Building project step 'Get Version Number'...
Error at Line 4, Column 1  (Path not found)
11/04/2005 9:37:11 AM: Step 'Get Version Number' failed
11/04/2005 9:37:11 AM: Building failure step 'Failed'...
11/04/2005 9:37:11 AM: Building failure step 'Notify of Failure'...
Message successfully sent
11/04/2005 9:37:11 AM: Building failure step 'Write failure'...
11/04/2005 9:37:12 AM: Build ended.
11/04/2005 9:37:16 AM: --------------------Starting Build: '\\bee\ssw\StandardsInternal\VisualBuildProSetup\VBPMasterBuild.bld'--------------------
11/04/2005 9:37:16 AM: Building project step 'Get Version Number'...
Error at Line 4, Column 1  (Path not found)
11/04/2005 9:37:16 AM: Step 'Get Version Number' failed
11/04/2005 9:37:16 AM: Build ended.
11/04/2005 4:44:57 PM: --------------------Starting Build: '\\bee\ssw\StandardsInternal\VisualBuildProSetup\VBPMasterBuild.bld'--------------------
11/04/2005 4:44:59 PM: Build successfully completed.
11/04/2005 4:45:04 PM: --------------------Starting Build: '\\bee\ssw\StandardsInternal\VisualBuildProSetup\VBPMasterBuild.bld'--------------------
11/04/2005 4:45:05 PM: Building project step 'Mode of build'...
Error at Line 3, Column 1  (Object required: 'objMacro')
11/04/2005 4:45:05 PM: Step 'Mode of build' failed
11/04/2005 4:45:05 PM: Building failure step 'Failed'...
11/04/2005 4:45:05 PM: Building failure step 'Notify of Failure'...
Message successfully sent
11/04/2005 4:45:05 PM: Building failure step 'Write failure'...
11/04/2005 4:45:06 PM: Build ended.
11/04/2005 4:45:10 PM: --------------------Starting Build: '\\bee\ssw\StandardsInternal\VisualBuildProSetup\VBPMasterBuild.bld'--------------------
11/04/2005 4:45:10 PM: Building project step 'Mode of build'...
Error at Line 3, Column 1  (Object required: 'objMacro')
11/04/2005 4:45:10 PM: Step 'Mode of build' failed
11/04/2005 4:45:10 PM: Building failure step 'Failed'...
11/04/2005 4:45:10 PM: Building failure step 'Notify of Failure'...
Message successfully sent
11/04/2005 4:45:11 PM: Building failure step 'Write failure'...
11/04/2005 4:45:11 PM: Build ended.
11/04/2005 4:45:21 PM: --------------------Starting Build: '\\bee\ssw\StandardsInternal\VisualBuildProSetup\VBPMasterBuild.bld'--------------------
11/04/2005 4:45:21 PM: Building project step 'Mode of build'...
Error at Line 3, Column 1  (Object required: 'objMacro')
11/04/2005 4:45:21 PM: Step 'Mode of build' failed
11/04/2005 4:45:21 PM: Building failure step 'Failed'...
11/04/2005 4:45:21 PM: Building failure step 'Notify of Failure'...
Message successfully sent
11/04/2005 4:45:22 PM: Building failure step 'Write failure'...
11/04/2005 4:45:22 PM: Build ended.
11/04/2005 4:45:35 PM: --------------------Starting Build: '\\bee\ssw\StandardsInternal\VisualBuildProSetup\VBPMasterBuild.bld'--------------------
11/04/2005 4:45:35 PM: Building project step 'Mode of build'...
Error at Line 3, Column 1  (Object required: 'objMacro')
11/04/2005 4:45:36 PM: Step 'Mode of build' failed
11/04/2005 4:45:36 PM: Building failure step 'Failed'...
11/04/2005 4:45:36 PM: Building failure step 'Notify of Failure'...
Message successfully sent
11/04/2005 4:45:36 PM: Building failure step 'Write failure'...
11/04/2005 4:45:36 PM: Build ended.
12/04/2005 6:42:21 PM: --------------------Starting Build: '\\bee\ssw\StandardsInternal\VisualBuildProSetup\VBPMasterBuild.bld'--------------------
12/04/2005 6:42:49 PM: Building project step 'Create Temp Wise Build'...
\\bee\ssw\StandardsInternal\VisualBuildProSetup\ -> \\bee\ssw\StandardsInternal\
0 file(s) copied
12/04/2005 6:42:50 PM: Building project step 'Rename Temp Wise Build'...
12/04/2005 6:42:51 PM: Building project step 'Move Temp Wise Build'...
\\bee\ssw\StandardsInternal\ -> \\bee\ssw\StandardsInternal\VisualBuildProSetup\
0 file(s) moved
12/04/2005 6:42:51 PM: Building project step 'Hardcode Version Number'...
12/04/2005 6:43:08 PM: Build canceled by user.
12/04/2005 6:43:19 PM: --------------------Starting Build: '\\bee\ssw\StandardsInternal\VisualBuildProSetup\VBPMasterBuild.bld'--------------------
12/04/2005 6:43:44 PM: Building project step 'Create Temp Wise Build'...
\\bee\ssw\StandardsInternal\VisualBuildProSetup\ -> \\bee\ssw\StandardsInternal\
0 file(s) copied
12/04/2005 6:43:44 PM: Building project step 'Rename Temp Wise Build'...
12/04/2005 6:43:45 PM: Building project step 'Move Temp Wise Build'...
\\bee\ssw\StandardsInternal\ -> \\bee\ssw\StandardsInternal\VisualBuildProSetup\
0 file(s) moved
12/04/2005 6:43:46 PM: Building project step 'Hardcode Version Number'...
12/04/2005 6:44:02 PM: Building project step 'Build From Wise'...
12/04/2005 6:44:07 PM: Build canceled by user.
14/04/2005 2:55:14 PM: --------------------Starting Build: '\\bee\ssw\StandardsInternal\VisualBuildProSetup\VBPMasterBuild.bld'--------------------
14/04/2005 2:55:16 PM: Building project step 'Mode of build'...
Error at Line 3, Column 1  (Object required: 'objMacro')
14/04/2005 2:55:16 PM: Step 'Mode of build' failed
14/04/2005 2:55:16 PM: Building failure step 'Failed'...
14/04/2005 2:55:16 PM: Building failure step 'Notify of Failure'...
Message successfully sent
14/04/2005 2:55:16 PM: Building failure step 'Write failure'...
14/04/2005 2:55:17 PM: Build ended.
13/05/2005 5:22:02 PM: --------------------Starting Build: '\\bee\ssw\StandardsInternal\VisualBuildProSetup\VBPMasterBuild.bld'--------------------
13/05/2005 5:22:04 PM: Building project step 'Tests'...
13/05/2005 5:22:04 PM: Step skipped
13/05/2005 5:22:04 PM: Building project step 'Run NUnit'...
13/05/2005 5:22:04 PM: Step skipped
13/05/2005 5:22:04 PM: Building project step 'Code Auditor'...
13/05/2005 5:22:04 PM: Step skipped
13/05/2005 5:22:05 PM: Building project step 'Create Installs'...
13/05/2005 5:22:05 PM: Building project step 'Create Temp Wise Build'...
\\bee\ssw\StandardsInternal\VisualBuildProSetup\ -> \\bee\ssw\StandardsInternal\
0 file(s) copied
13/05/2005 5:22:05 PM: Building project step 'Rename Temp Wise Build'...
13/05/2005 5:22:05 PM: Building project step 'Move Temp Wise Build'...
\\bee\ssw\StandardsInternal\ -> \\bee\ssw\StandardsInternal\VisualBuildProSetup\
0 file(s) moved
13/05/2005 5:22:06 PM: Building project step 'Hardcode Version Number'...
13/05/2005 5:22:27 PM: Building project step 'Build From Wise'...
Unable to open file \\bee\ssw\StandardsInternal\VisualBuildProSetup\Compile.log: The system cannot find the file specified.

Process completed with exit code 1
13/05/2005 5:22:29 PM: Step 'Build From Wise' failed
13/05/2005 5:22:29 PM: Building failure step 'Failed'...
13/05/2005 5:22:29 PM: Building failure step 'Write failure'...
13/05/2005 5:22:30 PM: Build ended.
13/05/2005 5:22:36 PM: --------------------Starting Build: '\\bee\ssw\StandardsInternal\VisualBuildProSetup\VBPMasterBuild.bld'--------------------
13/05/2005 5:22:39 PM: Building project step 'Mode of build'...
Error at Line 3, Column 1  (Object required: 'objMacro')
13/05/2005 5:22:39 PM: Step 'Mode of build' failed
13/05/2005 5:22:39 PM: Building failure step 'Failed'...
13/05/2005 5:22:39 PM: Building failure step 'Write failure'...
13/05/2005 5:22:39 PM: Build ended.
19/05/2005 9:59:45 PM: --------------------Starting Build: '\\bee\ssw\StandardsInternal\VisualBuildProSetup\VBPMasterBuild.bld'--------------------
19/05/2005 9:59:45 PM: Building project step 'Move exe'...
\\bee\ssw\StandardsInternal\VisualBuildProSetup\ -> \\bee\ssw\download\
0 file(s) moved
19/05/2005 9:59:45 PM: Build successfully completed.
19/05/2005 10:00:22 PM: --------------------Starting Build: '\\bee\ssw\StandardsInternal\VisualBuildProSetup\VBPMasterBuild.bld'--------------------
19/05/2005 10:00:22 PM: Building project step 'Move exe'...
\\bee\ssw\StandardsInternal\VisualBuildProSetup\ -> \\bee\ssw\download\
0 file(s) moved
19/05/2005 10:00:22 PM: Build successfully completed.
19/05/2005 10:00:27 PM: --------------------Starting Build: '\\bee\ssw\StandardsInternal\VisualBuildProSetup\VBPMasterBuild.bld'--------------------
19/05/2005 10:00:27 PM: Building project step 'Move msi'...
\\bee\ssw\StandardsInternal\VisualBuildProSetup\ -> \\bee\ssw\download\
0 file(s) moved
19/05/2005 10:00:27 PM: Build successfully completed.
19/05/2005 11:35:43 PM: --------------------Starting Build: '\\bee\ssw\StandardsInternal\VisualBuildProSetup\VBPMasterBuild.bld'--------------------
19/05/2005 11:35:43 PM: Build successfully completed.
19/05/2005 11:36:05 PM: --------------------Starting Build: '\\bee\ssw\StandardsInternal\VisualBuildProSetup\VBPMasterBuild.bld'--------------------
19/05/2005 11:36:05 PM: Building project step 'Create Temp Wise Build'...
\\bee\ssw\StandardsInternal\VisualBuildProSetup\ -> \\bee\ssw\StandardsInternal\
0 file(s) copied
19/05/2005 11:36:05 PM: Building project step 'Rename Temp Wise Build'...
19/05/2005 11:36:06 PM: Building project step 'Move Temp Wise Build'...
\\bee\ssw\StandardsInternal\ -> \\bee\ssw\StandardsInternal\VisualBuildProSetup\
0 file(s) moved
19/05/2005 11:36:06 PM: Building project step 'Hardcode Version Number'...
19/05/2005 11:36:26 PM: Build canceled by user.
23/05/2005 3:03:10 PM: --------------------Starting Build: '\\bee\ssw\StandardsInternal\VisualBuildProSetup\VBPMasterBuild.bld'--------------------
23/05/2005 3:03:11 PM: Building project step 'Mode of build'...
Error at Line 3, Column 1  (Object required: 'objMacro')
23/05/2005 3:03:12 PM: Step 'Mode of build' failed
23/05/2005 3:03:12 PM: Building failure step 'Failed'...
23/05/2005 3:03:12 PM: Building failure step 'Write failure'...
23/05/2005 3:03:12 PM: Build ended.
24/05/2005 1:52:27 PM: --------------------Starting Build: '\\bee\ssw\StandardsInternal\VisualBuildProSetup\VBPMasterBuild.bld'--------------------
24/05/2005 1:52:27 PM: Building project step 'Move exe'...
\\bee\ssw\StandardsInternal\VisualBuildProSetup\ -> \\bee\ssw\download\
0 file(s) moved
24/05/2005 1:52:27 PM: Build successfully completed.
25/05/2005 3:01:46 PM: --------------------Starting Build: '\\bee\ssw\StandardsInternal\VisualBuildProSetup\VBPMasterBuild.bld'--------------------
25/05/2005 3:01:46 PM: Building project step 'Update SSWData2000 with exe'...
(1 row affected)
25/05/2005 3:01:47 PM: Build successfully completed.
25/05/2005 3:03:53 PM: --------------------Starting Build: '\\bee\ssw\StandardsInternal\VisualBuildProSetup\VBPMasterBuild.bld'--------------------
25/05/2005 3:03:54 PM: Building project step 'Update SSWData2000 with exe'...
(1 row affected)
25/05/2005 3:03:54 PM: Build successfully completed.
25/05/2005 3:04:58 PM: --------------------Starting Build: '\\bee\ssw\StandardsInternal\VisualBuildProSetup\VBPMasterBuild.bld'--------------------
25/05/2005 3:04:59 PM: Building project step 'Update SSWData2000 with msi'...
(1 row affected)
25/05/2005 3:05:00 PM: Build successfully completed.
3/06/2005 11:37:39 AM: --------------------Starting Build: '\\bee\ssw\StandardsInternal\VisualBuildProSetup\VBPMasterBuild.bld'--------------------
3/06/2005 11:37:39 AM: Building project step 'Create Temp Wise Build'...
\\bee\ssw\StandardsInternal\VisualBuildProSetup\ -> \\bee\ssw\StandardsInternal\
0 file(s) copied
3/06/2005 11:37:40 AM: Building project step 'Rename Temp Wise Build'...
3/06/2005 11:37:40 AM: Building project step 'Move Temp Wise Build'...
\\bee\ssw\StandardsInternal\ -> \\bee\ssw\StandardsInternal\VisualBuildProSetup\
0 file(s) moved
3/06/2005 11:37:40 AM: Building project step 'Hardcode Version Number'...
3/06/2005 11:38:30 AM: Build canceled by user.
7/07/2005 5:06:59 PM: --------------------Starting Build: '\\bee\SSW\StandardsInternal\VisualBuildProSetup\VBPMasterBuildAccess.bld'--------------------
7/07/2005 5:06:59 PM: Building project step 'Mode of build'...
Error at Line 3, Column 1  (Object required: 'objMacro')
7/07/2005 5:06:59 PM: Step 'Mode of build' failed
7/07/2005 5:06:59 PM: Build ended.
8/07/2005 5:09:30 PM: --------------------Starting Build: '\\bee\ssw\StandardsInternal\VisualBuildProSetup\VBPMasterBuild.bld'--------------------
8/07/2005 5:09:31 PM: Building project step 'Create Installs'...
8/07/2005 5:09:31 PM: Build successfully completed.
8/07/2005 5:09:33 PM: --------------------Starting Build: '\\bee\ssw\StandardsInternal\VisualBuildProSetup\VBPMasterBuild.bld'--------------------
8/07/2005 5:09:33 PM: Building project step 'Create Temp Wise Build'...
\\bee\ssw\StandardsInternal\VisualBuildProSetup\ -> \\bee\ssw\StandardsInternal\
0 file(s) copied
8/07/2005 5:09:33 PM: Building project step 'Rename Temp Wise Build'...
8/07/2005 5:09:33 PM: Building project step 'Move Temp Wise Build'...
\\bee\ssw\StandardsInternal\ -> \\bee\ssw\StandardsInternal\VisualBuildProSetup\
0 file(s) moved
8/07/2005 5:09:34 PM: Building project step 'Hardcode Version Number'...
8/07/2005 5:09:51 PM: Build canceled by user.
5/08/2005 3:02:20 PM: --------------------Starting Build: '\\bee\ssw\StandardsInternal\VisualBuildProSetup\VBPMasterBuild.bld'--------------------
5/08/2005 3:02:20 PM: Building project step 'Mode of build'...
Error at Line 3, Column 1  (Object required: 'objMacro')
5/08/2005 3:02:21 PM: Step 'Mode of build' failed
5/08/2005 3:02:21 PM: Building failure step 'Failed'...
5/08/2005 3:02:21 PM: Building failure step 'Write failure'...
5/08/2005 3:02:21 PM: Build ended.
10/08/2005 11:30:43 AM: --------------------Starting Build: '\\bee\ssw\StandardsInternal\VisualBuildProSetup\VBPMasterBuild.bld'--------------------
10/08/2005 11:30:43 AM: Building project step 'Create Installs'...
10/08/2005 11:30:43 AM: Building project step 'Create Temp Wise Build'...
\\bee\ssw\StandardsInternal\VisualBuildProSetup\ -> \\bee\ssw\StandardsInternal\
0 file(s) copied
10/08/2005 11:30:44 AM: Building project step 'Rename Temp Wise Build'...
10/08/2005 11:30:44 AM: Building project step 'Move Temp Wise Build'...
\\bee\ssw\StandardsInternal\ -> \\bee\ssw\StandardsInternal\VisualBuildProSetup\
0 file(s) moved
10/08/2005 11:30:45 AM: Building project step 'Hardcode Version Number'...
10/08/2005 11:31:11 AM: Building project step 'Build From Wise'...
Unable to open file \\bee\ssw\StandardsInternal\VisualBuildProSetup\Compile.log: The system cannot find the file specified.

Process completed with exit code 1
10/08/2005 11:31:18 AM: Step 'Build From Wise' failed
10/08/2005 11:31:18 AM: Build ended.
10/08/2005 11:31:26 AM: --------------------Starting Build: '\\bee\ssw\StandardsInternal\VisualBuildProSetup\VBPMasterBuild.bld'--------------------
10/08/2005 11:31:33 AM: Build canceled by user.
10/08/2005 11:31:37 AM: --------------------Starting Build: '\\bee\ssw\StandardsInternal\VisualBuildProSetup\VBPMasterBuild.bld'--------------------
10/08/2005 11:31:37 AM: Building project step 'Get Latest Loop'...
10/08/2005 11:31:38 AM: Build successfully completed.
10/08/2005 11:31:39 AM: --------------------Starting Build: '\\bee\ssw\StandardsInternal\VisualBuildProSetup\VBPMasterBuild.bld'--------------------
10/08/2005 11:31:39 AM: Building project step 'Set Macro'...
10/08/2005 11:31:39 AM: Build successfully completed.
10/08/2005 11:31:42 AM: --------------------Starting Build: '\\bee\ssw\StandardsInternal\VisualBuildProSetup\VBPMasterBuild.bld'--------------------
10/08/2005 11:31:42 AM: Building project step 'Increment Counter'...
10/08/2005 11:31:42 AM: Build successfully completed.
10/08/2005 11:31:44 AM: --------------------Starting Build: '\\bee\ssw\StandardsInternal\VisualBuildProSetup\VBPMasterBuild.bld'--------------------
10/08/2005 11:31:44 AM: Building project step 'Remove VSS Solution Binding'...
10/08/2005 11:31:44 AM: Building subroutine step 'Remove VSS Binding'...
10/08/2005 11:31:44 AM: Building subroutine step 'Make Project Files Writable'...
10/08/2005 11:31:44 AM: Building subroutine step 'Remove Solution Binding'...
Failed to open '\\bee\ssw\StandardsInternal\VisualBuildProSetup\..\SSWeXtremeEmails.sln': The system cannot find the file specified.
10/08/2005 11:31:45 AM: Step 'Remove Solution Binding' failed
10/08/2005 11:31:45 AM: Build ended.
17/08/2005 12:09:18 PM: --------------------Starting Build: '\\bee\ssw\StandardsInternal\VisualBuildProSetup\VBPMasterBuild.bld'--------------------
17/08/2005 12:09:19 PM: Building project step 'Create Installs'...
17/08/2005 12:09:19 PM: Building project step 'Create Temp Wise Build'...
\\bee\ssw\StandardsInternal\VisualBuildProSetup\ -> \\bee\ssw\StandardsInternal\
0 file(s) copied
17/08/2005 12:09:19 PM: Building project step 'Rename Temp Wise Build'...
17/08/2005 12:09:19 PM: Building project step 'Move Temp Wise Build'...
\\bee\ssw\StandardsInternal\ -> \\bee\ssw\StandardsInternal\VisualBuildProSetup\
0 file(s) moved
17/08/2005 12:09:19 PM: Building project step 'Hardcode Version Number'...
17/08/2005 12:09:32 PM: Build canceled by user.
17/08/2005 12:09:37 PM: --------------------Starting Build: '\\bee\ssw\StandardsInternal\VisualBuildProSetup\VBPMasterBuild.bld'--------------------
17/08/2005 12:09:37 PM: Building project step 'Get Version Number'...
Error at Line 4, Column 1  (Path not found)
17/08/2005 12:09:37 PM: Step 'Get Version Number' failed
17/08/2005 12:09:37 PM: Build ended.
17/08/2005 12:09:44 PM: --------------------Starting Build: '\\bee\ssw\StandardsInternal\VisualBuildProSetup\VBPMasterBuild.bld'--------------------
17/08/2005 12:09:44 PM: Building project step 'Mode of build'...
Error at Line 3, Column 1  (Object required: 'objMacro')
17/08/2005 12:09:44 PM: Step 'Mode of build' failed
17/08/2005 12:09:44 PM: Build ended.
19/08/2005 4:18:23 PM: --------------------Starting Build: '\\bee\ssw\StandardsInternal\VisualBuildProSetup\VBPMasterBuild.bld'--------------------
19/08/2005 4:18:23 PM: Building project step 'Mode of build'...
Error at Line 3, Column 1  (Object required: 'objMacro')
19/08/2005 4:18:24 PM: Step 'Mode of build' failed
19/08/2005 4:18:24 PM: Building failure step 'Failed'...
19/08/2005 4:18:24 PM: Building failure step 'Write failure'...
19/08/2005 4:18:24 PM: Build ended.
30/09/2005 11:25:22 AM: --------------------Starting Build: '\\bee\ssw\StandardsInternal\VisualBuildProSetup\VBPMasterBuild.bld'--------------------
30/09/2005 11:25:22 AM: Building project step 'Release Build'...
30/09/2005 11:25:22 AM: Build successfully completed.
30/09/2005 11:25:24 AM: --------------------Starting Build: '\\bee\ssw\StandardsInternal\VisualBuildProSetup\VBPMasterBuild.bld'--------------------
30/09/2005 11:25:24 AM: Building project step 'Get File Size'...
30/09/2005 11:25:25 AM: Build successfully completed.
30/09/2005 11:25:30 AM: --------------------Starting Build: '\\bee\ssw\StandardsInternal\VisualBuildProSetup\VBPMasterBuild.bld'--------------------
30/09/2005 11:25:31 AM: Building project step 'Delete Previous from Seal'...
30/09/2005 11:25:31 AM: Build successfully completed.
30/09/2005 11:25:32 AM: --------------------Starting Build: '\\bee\ssw\StandardsInternal\VisualBuildProSetup\VBPMasterBuild.bld'--------------------
30/09/2005 11:25:32 AM: Building project step 'Create FTP Script File'...
30/09/2005 11:25:32 AM: Build successfully completed.
30/09/2005 11:25:35 AM: --------------------Starting Build: '\\bee\ssw\StandardsInternal\VisualBuildProSetup\VBPMasterBuild.bld'--------------------
30/09/2005 11:25:35 AM: Building project step 'Run FTP from command line'...
User (seal.ssw.com.au:(none)): open seal
Interactive mode Off .
30/09/2005 12:13:09 PM: Build canceled by user.
30/09/2005 12:13:13 PM: --------------------Starting Build: '\\bee\ssw\StandardsInternal\VisualBuildProSetup\VBPMasterBuild.bld'--------------------
30/09/2005 12:13:13 PM: Building project step 'FTP exe file'...
Error transferring file(s) '\\bee\ssw\download\SSWeXtremeEmails_ver3-26.exe': Unable to open local file ("/d:/Inetpub/wwwroot/SSW/Download" is current directory. )
30/09/2005 12:13:14 PM: Step 'FTP exe file' failed
30/09/2005 12:13:14 PM: Build ended.
30/09/2005 12:14:11 PM: --------------------Starting Build: '\\bee\ssw\StandardsInternal\VisualBuildProSetup\VBPMasterBuild.bld'--------------------
30/09/2005 12:14:11 PM: Building project step 'FTP exe file'...
30/09/2005 12:15:14 PM: Build canceled by user.
30/09/2005 12:35:30 PM: --------------------Starting Build: '\\bee\ssw\StandardsInternal\VisualBuildProSetup\VBPMasterBuild.bld'--------------------
30/09/2005 12:35:30 PM: Building project step 'FTP ini file'...
1 file(s) successfully transferred
30/09/2005 12:35:30 PM: Building project step 'Get exe File Description from Telnet'...
VISBUILDPRO 123530 0000 INF: started process 0xCDC trace on 09-30-2005 12:35:30 [3.60.3650]
VISBUILDPRO 123530 0000 INF: gethostbyname("www.ssw.com.au") returned 61.8.3.146 (www.ssw.com.au)
VISBUILDPRO 123530 0000 INF: socket(2, 1, 0) returned 1028
VISBUILDPRO 123530 0000 INF: ioctlsocket(1028, 0x8004667e, 0x135f3e4) returned 0
VISBUILDPRO 123530 0000 WRN: connect(1028, 61.8.3.146:21, 16) returned -1 [10035]
VISBUILDPRO 123531 0063 INF: select(64, 0x0, 0x135f3f8, 0x0, 10:0) returned 1
VISBUILDPRO 123532 1015 INF: select(64, 0x135f288, 0x0, 0x0, 10:0) returned 1
VISBUILDPRO 123532 0000 INF: recv(1028, 0x2520135, 1024, 0) returned 49
            0000  32 32 30 20 53 65 72 76:2D 55 20 46 54 50 20 53  220 Serv-U FTP S
            0010  65 72 76 65 72 20 76 33:2E 30 20 66 6F 72 20 57  erver v3.0 for W
            0020  69 6E 53 6F 63 6B 20 72:65 61 64 79 2E 2E 2E 0D  inSock ready....
            0030  0A                                               .
VISBUILDPRO 123532 0000 INF: select(64, 0x0, 0x135f290, 0x0, 10:0) returned 1
VISBUILDPRO 123532 0000 INF: send(1028, 0x2520540, 10, 0) returned 10
            0000  55 53 45 52 20 73 73 77:0D 0A                    USER ssw..
VISBUILDPRO 123533 1000 INF: select(64, 0x135f288, 0x0, 0x0, 10:0) returned 1
VISBUILDPRO 123533 0000 INF: recv(1028, 0x2520135, 1024, 0) returned 36
            0000  33 33 31 20 55 73 65 72:20 6E 61 6D 65 20 6F 6B  331 User name ok
            0010  61 79 2C 20 6E 65 65 64:20 70 61 73 73 77 6F 72  ay, need passwor
            0020  64 2E 0D 0A                                      d...
VISBUILDPRO 123533 0000 INF: select(64, 0x0, 0x135f290, 0x0, 10:0) returned 1
VISBUILDPRO 123533 0000 INF: send(1028, 0x2520540, 15, 0) returned 15
            0000  50 41 53 53 20 72 61 74:69 6E 67 32 37 0D 0A     PASS rating27..
VISBUILDPRO 123534 1000 INF: select(64, 0x135f288, 0x0, 0x0, 10:0) returned 1
VISBUILDPRO 123534 0000 INF: recv(1028, 0x2520135, 1024, 0) returned 30
            0000  32 33 30 20 55 73 65 72:20 6C 6F 67 67 65 64 20  230 User logged 
            0010  69 6E 2C 20 70 72 6F 63:65 65 64 2E 0D 0A        in, proceed...
VISBUILDPRO 123534 0000 INF: select(64, 0x0, 0x135f290, 0x0, 10:0) returned 1
VISBUILDPRO 123534 0000 INF: send(1028, 0x2520540, 14, 0) returned 14
            0000  43 57 44 20 44 6F 77 6E:6C 6F 61 64 0D 0A        CWD Download..
VISBUILDPRO 123535 1000 INF: select(64, 0x135f288, 0x0, 0x0, 10:0) returned 1
VISBUILDPRO 123535 0000 INF: recv(1028, 0x2520135, 1024, 0) returned 59
            0000  32 35 30 20 44 69 72 65:63 74 6F 72 79 20 63 68  250 Directory ch
            0010  61 6E 67 65 64 20 74 6F:20 2F 64 3A 2F 49 6E 65  anged to /d:/Ine
            0020  74 70 75 62 2F 77 77 77:72 6F 6F 74 2F 53 53 57  tpub/wwwroot/SSW
            0030  2F 44 6F 77 6E 6C 6F 61:64 0D 0A                 /Download..
VISBUILDPRO 123535 0000 INF: select(64, 0x0, 0x135f290, 0x0, 10:0) returned 1
VISBUILDPRO 123535 0000 INF: send(1028, 0x2520540, 36, 0) returned 36
            0000  4D 44 54 4D 20 53 53 57:65 58 74 72 65 6D 65 45  MDTM SSWeXtremeE
            0010  6D 61 69 6C 73 5F 76 65:72 31 32 2D 36 36 2E 65  mails_ver12-66.e
            0020  78 65 0D 0A                                      xe..
VISBUILDPRO 123536 1000 INF: select(64, 0x135f288, 0x0, 0x0, 10:0) returned 1
VISBUILDPRO 123536 0000 INF: recv(1028, 0x2520135, 1024, 0) returned 20
            0000  32 31 33 20 32 30 30 35:30 39 33 30 31 32 32 37  213 200509301227
            0010  32 36 0D 0A                                      26..
VISBUILDPRO 123536 0000 INF: select(64, 0x0, 0x135f290, 0x0, 10:0) returned 1
VISBUILDPRO 123536 0000 INF: send(1028, 0x2520540, 27, 0) returned 27
            0000  4D 44 54 4D 20 53 53 57:65 58 74 72 65 6D 65 45  MDTM SSWeXtremeE
            0010  6D 61 69 6C 73 2E 69 6E:69 0D 0A                 mails.ini..
VISBUILDPRO 123537 1000 INF: select(64, 0x135f288, 0x0, 0x0, 10:0) returned 1
VISBUILDPRO 123537 0000 INF: recv(1028, 0x2520135, 1024, 0) returned 20
            0000  32 31 33 20 32 30 30 35:30 39 33 30 31 32 33 36  213 200509301236
            0010  35 39 0D 0A                                      59..
Script successfully executed
30/09/2005 12:35:37 PM: Building project step 'Get msi File Description from Telnet'...
VISBUILDPRO 123537 0000 INF: started process 0xCDC trace on 09-30-2005 12:35:37 [3.60.3650]
VISBUILDPRO 123537 0000 INF: gethostbyname("www.ssw.com.au") returned 61.8.3.146 (www.ssw.com.au)
VISBUILDPRO 123537 0000 INF: socket(2, 1, 0) returned 1772
VISBUILDPRO 123537 0000 INF: ioctlsocket(1772, 0x8004667e, 0x135f3e4) returned 0
VISBUILDPRO 123537 0000 WRN: connect(1772, 61.8.3.146:21, 16) returned -1 [10035]
VISBUILDPRO 123537 0016 INF: select(64, 0x0, 0x135f3f8, 0x0, 10:0) returned 1
VISBUILDPRO 123538 1015 INF: select(64, 0x135f288, 0x0, 0x0, 10:0) returned 1
VISBUILDPRO 123538 0000 INF: recv(1772, 0x2520135, 1024, 0) returned 49
            0000  32 32 30 20 53 65 72 76:2D 55 20 46 54 50 20 53  220 Serv-U FTP S
            0010  65 72 76 65 72 20 76 33:2E 30 20 66 6F 72 20 57  erver v3.0 for W
            0020  69 6E 53 6F 63 6B 20 72:65 61 64 79 2E 2E 2E 0D  inSock ready....
            0030  0A                                               .
VISBUILDPRO 123538 0000 INF: select(64, 0x0, 0x135f290, 0x0, 10:0) returned 1
VISBUILDPRO 123538 0000 INF: send(1772, 0x2520540, 10, 0) returned 10
            0000  55 53 45 52 20 73 73 77:0D 0A                    USER ssw..
VISBUILDPRO 123539 1000 INF: select(64, 0x135f288, 0x0, 0x0, 10:0) returned 1
VISBUILDPRO 123539 0000 INF: recv(1772, 0x2520135, 1024, 0) returned 36
            0000  33 33 31 20 55 73 65 72:20 6E 61 6D 65 20 6F 6B  331 User name ok
            0010  61 79 2C 20 6E 65 65 64:20 70 61 73 73 77 6F 72  ay, need passwor
            0020  64 2E 0D 0A                                      d...
VISBUILDPRO 123539 0000 INF: select(64, 0x0, 0x135f290, 0x0, 10:0) returned 1
VISBUILDPRO 123539 0000 INF: send(1772, 0x2520540, 15, 0) returned 15
            0000  50 41 53 53 20 72 61 74:69 6E 67 32 37 0D 0A     PASS rating27..
VISBUILDPRO 123540 1000 INF: select(64, 0x135f288, 0x0, 0x0, 10:0) returned 1
VISBUILDPRO 123540 0000 INF: recv(1772, 0x2520135, 1024, 0) returned 30
            0000  32 33 30 20 55 73 65 72:20 6C 6F 67 67 65 64 20  230 User logged 
            0010  69 6E 2C 20 70 72 6F 63:65 65 64 2E 0D 0A        in, proceed...
VISBUILDPRO 123540 0000 INF: select(64, 0x0, 0x135f290, 0x0, 10:0) returned 1
VISBUILDPRO 123540 0000 INF: send(1772, 0x2520540, 14, 0) returned 14
            0000  43 57 44 20 44 6F 77 6E:6C 6F 61 64 0D 0A        CWD Download..
VISBUILDPRO 123541 1000 INF: select(64, 0x135f288, 0x0, 0x0, 10:0) returned 1
VISBUILDPRO 123541 0000 INF: recv(1772, 0x2520135, 1024, 0) returned 59
            0000  32 35 30 20 44 69 72 65:63 74 6F 72 79 20 63 68  250 Directory ch
            0010  61 6E 67 65 64 20 74 6F:20 2F 64 3A 2F 49 6E 65  anged to /d:/Ine
            0020  74 70 75 62 2F 77 77 77:72 6F 6F 74 2F 53 53 57  tpub/wwwroot/SSW
            0030  2F 44 6F 77 6E 6C 6F 61:64 0D 0A                 /Download..
VISBUILDPRO 123541 0000 INF: select(64, 0x0, 0x135f290, 0x0, 10:0) returned 1
VISBUILDPRO 123541 0000 INF: send(1772, 0x2520540, 36, 0) returned 36
            0000  4D 44 54 4D 20 53 53 57:65 58 74 72 65 6D 65 45  MDTM SSWeXtremeE
            0010  6D 61 69 6C 73 5F 76 65:72 31 32 2D 36 36 2E 6D  mails_ver12-66.m
            0020  73 69 0D 0A                                      si..
VISBUILDPRO 123542 1000 INF: select(64, 0x135f288, 0x0, 0x0, 10:0) returned 1
VISBUILDPRO 123542 0000 INF: recv(1772, 0x2520135, 1024, 0) returned 20
            0000  32 31 33 20 32 30 30 35:30 39 33 30 31 32 33 36  213 200509301236
            0010  32 34 0D 0A                                      24..
VISBUILDPRO 123542 0000 INF: select(64, 0x0, 0x135f290, 0x0, 10:0) returned 1
VISBUILDPRO 123542 0000 INF: send(1772, 0x2520540, 27, 0) returned 27
            0000  4D 44 54 4D 20 53 53 57:65 58 74 72 65 6D 65 45  MDTM SSWeXtremeE
            0010  6D 61 69 6C 73 2E 69 6E:69 0D 0A                 mails.ini..
VISBUILDPRO 123543 1000 INF: select(64, 0x135f288, 0x0, 0x0, 10:0) returned 1
VISBUILDPRO 123543 0000 INF: recv(1772, 0x2520135, 1024, 0) returned 20
            0000  32 31 33 20 32 30 30 35:30 39 33 30 31 32 33 36  213 200509301236
            0010  35 39 0D 0A                                      59..
Script successfully executed
30/09/2005 12:35:43 PM: Building project step 'Set DateTime from Log File'...
Error at Line 29, Column 5  (Subscript out of range: 'noOfModTimes')
30/09/2005 12:35:43 PM: Step 'Set DateTime from Log File' failed
30/09/2005 12:35:43 PM: Build ended.
30/09/2005 12:38:47 PM: --------------------Starting Build: '\\bee\ssw\StandardsInternal\VisualBuildProSetup\VBPMasterBuild.bld'--------------------
30/09/2005 12:38:47 PM: Building project step 'Update SSWData2000 with exe'...
(1 row affected)
30/09/2005 12:38:48 PM: Build successfully completed.
30/09/2005 12:38:50 PM: --------------------Starting Build: '\\bee\ssw\StandardsInternal\VisualBuildProSetup\VBPMasterBuild.bld'--------------------
30/09/2005 12:38:50 PM: Building project step 'Update SSWData2000 with msi'...
(1 row affected)
30/09/2005 12:38:51 PM: Build successfully completed.
30/09/2005 12:39:32 PM: --------------------Starting Build: '\\bee\ssw\StandardsInternal\VisualBuildProSetup\VBPMasterBuild.bld'--------------------
30/09/2005 12:39:32 PM: Building project step 'FTP ini file'...
1 file(s) successfully transferred
30/09/2005 12:39:32 PM: Build successfully completed.
30/09/2005 12:50:15 PM: --------------------Starting Build: '\\bee\ssw\StandardsInternal\VisualBuildProSetup\VBPMasterBuild.bld'--------------------
30/09/2005 12:50:15 PM: Building project step 'Publish Web Service'...
30/09/2005 12:50:15 PM: Building subroutine step 'Publish Web Service'...
30/09/2005 12:50:15 PM: Building subroutine step 'Copy to Web Server'...
\\bee\ssw\StandardsInternal\BusinessWebService\ -> \\tuna\c$\Inetpub\wwwroot_WebService\SSWTimePRONET\v12-66\
Error querying source path '\\bee\ssw\StandardsInternal\BusinessWebService\': The system cannot find the path specified.
0 file(s) copied
30/09/2005 12:50:15 PM: Step 'Copy to Web Server' failed
30/09/2005 12:50:15 PM: Build ended.
17/10/2005 12:13:23 PM: --------------------Starting Build: '\\bee\ssw\StandardsInternal\VisualBuildProSetup\VBPMasterBuild.bld'--------------------
17/10/2005 12:13:25 PM: Build successfully completed.
12/01/2006 2:55:00 PM: --------------------Starting Build: '\\frog\ssw\StandardsInternal\VisualBuildProSetup\VBPMasterBuild.bld'--------------------
12/01/2006 2:55:00 PM: Building project step 'Mode of build'...
Error at Line 3, Column 1  (Object required: 'objMacro')
12/01/2006 2:55:00 PM: Step 'Mode of build' failed
12/01/2006 2:55:00 PM: Building failure step 'Failed'...
12/01/2006 2:55:00 PM: Building failure step 'Write failure'...
12/01/2006 2:55:01 PM: Build ended.
12/01/2006 2:55:10 PM: --------------------Starting Build: '\\frog\ssw\StandardsInternal\VisualBuildProSetup\VBPMasterBuild.bld'--------------------
12/01/2006 2:55:10 PM: Building project step 'Mode of build'...
Error at Line 3, Column 1  (Object required: 'objMacro')
12/01/2006 2:55:10 PM: Step 'Mode of build' failed
12/01/2006 2:55:10 PM: Building failure step 'Failed'...
12/01/2006 2:55:10 PM: Building failure step 'Write failure'...
12/01/2006 2:55:11 PM: Build ended.
1/02/2006 3:39:09 PM: --------------------Starting Build: '\\frog\ssw\StandardsInternal\VisualBuildProSetup\VBPMasterBuild.bld'--------------------
1/02/2006 3:39:09 PM: Building project step 'FTP msi file'...
Error transferring file(s) '\\frog\ssw\download\SSWeXtremeEmails_ver1-22.msi': Unable to open local file ("/d:/Inetpub/wwwroot/SSW/Download" is current directory. )
1/02/2006 3:39:10 PM: Step 'FTP msi file' failed
1/02/2006 3:39:10 PM: Build ended.
1/02/2006 3:39:22 PM: --------------------Starting Build: '\\frog\ssw\StandardsInternal\VisualBuildProSetup\VBPMasterBuild.bld'--------------------
1/02/2006 3:39:22 PM: Building project step 'FTP msi file'...
Error transferring file(s) '\\frog\ssw\download\SSWeXtremeEmails_ver1-22.msi': Unable to open local file ("/d:/Inetpub/wwwroot/SSW/Download" is current directory. )
1/02/2006 3:39:23 PM: Step 'FTP msi file' failed
1/02/2006 3:39:23 PM: Build ended.
1/02/2006 3:39:30 PM: --------------------Starting Build: '\\frog\ssw\StandardsInternal\VisualBuildProSetup\VBPMasterBuild.bld'--------------------
1/02/2006 3:39:30 PM: Building project step 'Create Installs'...
1/02/2006 3:39:30 PM: Building project step 'Create Temp Wise Build'...
\\frog\ssw\StandardsInternal\VisualBuildProSetup\ -> \\frog\ssw\StandardsInternal\
0 file(s) copied
1/02/2006 3:39:31 PM: Building project step 'Rename Temp Wise Build'...
1/02/2006 3:39:31 PM: Building project step 'Move Temp Wise Build'...
\\frog\ssw\StandardsInternal\ -> \\frog\ssw\StandardsInternal\VisualBuildProSetup\
0 file(s) moved
1/02/2006 3:39:31 PM: Building project step 'Hardcode Version Number'...
1/02/2006 3:39:39 PM: Build canceled by user.
6/02/2006 3:44:29 PM: --------------------Starting Build: '\\frog\ssw\StandardsInternal\VisualBuildProSetup\VBPMasterBuild.bld'--------------------
6/02/2006 3:44:29 PM: Building project step 'Mode of build'...
Error at Line 3, Column 1  (Object required: 'objMacro')
6/02/2006 3:44:30 PM: Step 'Mode of build' failed
6/02/2006 3:44:30 PM: Building failure step 'Failed'...
6/02/2006 3:44:30 PM: Building failure step 'Write failure'...
6/02/2006 3:44:31 PM: Build ended.
14/02/2006 5:28:25 PM: --------------------Starting Build: '\\Frog\ssw\StandardsInternal\VisualBuildProSetup\VBPMasterBuild.bld'--------------------
14/02/2006 5:28:26 PM: Building project step 'Mode of build'...
Error at Line 3, Column 1  (Object required: 'objMacro')
14/02/2006 5:28:26 PM: Step 'Mode of build' failed
14/02/2006 5:28:26 PM: Building failure step 'Failed'...
14/02/2006 5:28:26 PM: Building failure step 'Write failure'...
14/02/2006 5:28:26 PM: Build ended.
14/02/2006 5:28:35 PM: --------------------Starting Build: '\\Frog\ssw\StandardsInternal\VisualBuildProSetup\VBPMasterBuild.bld'--------------------
14/02/2006 5:28:36 PM: Building project step 'FTP exe file'...
14/02/2006 5:28:36 PM: Step skipped
14/02/2006 5:28:36 PM: Building project step 'FTP msi file'...
14/02/2006 5:28:36 PM: Step skipped
14/02/2006 5:28:36 PM: Build successfully completed.
14/02/2006 5:33:39 PM: --------------------Starting Build: '\\Frog\ssw\StandardsInternal\VisualBuildProSetup\VBPMasterBuild.bld'--------------------
14/02/2006 5:33:40 PM: Building project step 'FTP msi file'...
14/02/2006 5:33:40 PM: Step skipped
14/02/2006 5:33:41 PM: Build successfully completed.
14/02/2006 6:04:28 PM: --------------------Starting Build: '\\Frog\ssw\StandardsInternal\VisualBuildProSetup\VBPMasterBuild.bld'--------------------
14/02/2006 6:04:28 PM: Build successfully completed.
14/02/2006 6:04:37 PM: --------------------Starting Build: '\\Frog\ssw\StandardsInternal\VisualBuildProSetup\VBPMasterBuild.bld'--------------------
14/02/2006 6:04:37 PM: Build successfully completed.
14/02/2006 6:04:40 PM: --------------------Starting Build: '\\Frog\ssw\StandardsInternal\VisualBuildProSetup\VBPMasterBuild.bld'--------------------
14/02/2006 6:04:40 PM: Building project step 'SSW Products'...
14/02/2006 6:04:41 PM: Build successfully completed.
14/02/2006 6:04:45 PM: --------------------Starting Build: '\\Frog\ssw\StandardsInternal\VisualBuildProSetup\VBPMasterBuild.bld'--------------------
14/02/2006 6:04:45 PM: Build successfully completed.
14/02/2006 6:04:56 PM: --------------------Starting Build: '\\Frog\ssw\StandardsInternal\VisualBuildProSetup\VBPMasterBuild.bld'--------------------
14/02/2006 6:04:56 PM: Building project step 'Update SSWData2000 with exe'...
(1 row affected)
14/02/2006 6:04:57 PM: Build successfully completed.
14/02/2006 6:05:57 PM: --------------------Starting Build: '\\Frog\ssw\StandardsInternal\VisualBuildProSetup\VBPMasterBuild.bld'--------------------
14/02/2006 6:05:57 PM: Building project step 'Update SSWData2000 with exe'...
(1 row affected)
14/02/2006 6:05:57 PM: Build successfully completed.
14/02/2006 6:07:08 PM: --------------------Starting Build: '\\Frog\ssw\StandardsInternal\VisualBuildProSetup\VBPMasterBuild.bld'--------------------
14/02/2006 6:07:08 PM: Building project step 'Update SSWData2000 with exe'...
(1 row affected)
14/02/2006 6:07:08 PM: Build successfully completed.
14/02/2006 6:07:58 PM: --------------------Starting Build: '\\Frog\ssw\StandardsInternal\VisualBuildProSetup\VBPMasterBuild.bld'--------------------
14/02/2006 6:07:58 PM: Building project step 'Update SSWData2000 with exe'...
(1 row affected)
14/02/2006 6:07:59 PM: Build successfully completed.
14/02/2006 6:09:06 PM: --------------------Starting Build: '\\Frog\ssw\StandardsInternal\VisualBuildProSetup\VBPMasterBuild.bld'--------------------
14/02/2006 6:09:06 PM: Building project step 'Update SSWData2000 with msi'...
(1 row affected)
14/02/2006 6:09:06 PM: Build successfully completed.
14/02/2006 6:10:51 PM: --------------------Starting Build: '\\Frog\ssw\StandardsInternal\VisualBuildProSetup\VBPMasterBuild.bld'--------------------
14/02/2006 6:10:51 PM: Building project step 'Update SSWData2000 with exe'...
(1 row affected)
14/02/2006 6:10:51 PM: Build successfully completed.
17/02/2006 4:56:40 PM: --------------------Starting Build: '\\frog\ssw\StandardsInternal\VisualBuildProSetup\VBPMasterBuild.bld'--------------------
17/02/2006 4:56:40 PM: Building project step 'VBP Build Process'...
17/02/2006 4:56:41 PM: Building project step 'Build From Wise'...
Unable to open file \\frog\ssw\StandardsInternal\VisualBuildProSetup\Compile.log: The system cannot find the file specified.

Process completed with exit code 1
17/02/2006 4:56:48 PM: Step 'Build From Wise' failed
17/02/2006 4:56:48 PM: Building failure step 'Failed'...
17/02/2006 4:56:48 PM: Building failure step 'Write failure'...
17/02/2006 4:56:48 PM: Build ended.
20/02/2006 1:14:07 PM: --------------------Starting Build: '\\frog\ssw\StandardsInternal\VisualBuildProSetup\VBPMasterBuild.bld'--------------------
20/02/2006 1:14:07 PM: Building project step 'Build Solution'...
20/02/2006 1:14:07 PM: Step skipped
20/02/2006 1:14:08 PM: Build successfully completed.
21/02/2006 2:59:28 PM: --------------------Starting Build: '\\frog\ssw\standardsinternal\VisualBuildProSetup\VBPMasterBuild.bld'--------------------
21/02/2006 2:59:30 PM: Building project step 'If any file is Checked-out, SKIP ALL'...
21/02/2006 2:59:41 PM: Build canceled by user.
21/02/2006 2:59:44 PM: --------------------Starting Build: '\\frog\ssw\standardsinternal\VisualBuildProSetup\VBPMasterBuild.bld'--------------------
21/02/2006 2:59:50 PM: Building project step 'Mode of build'...
Error at Line 3, Column 1  (Object required: 'objMacro')
21/02/2006 2:59:50 PM: Step 'Mode of build' failed
21/02/2006 2:59:50 PM: Building failure step 'Failed'...
21/02/2006 2:59:50 PM: Building failure step 'Write failure'...
21/02/2006 2:59:51 PM: Build ended.
27/03/2006 6:25:09 PM: --------------------Starting Build: '\\frog\ssw\StandardsInternal\VisualBuildProSetup\VBPMasterBuild.bld'--------------------
27/03/2006 6:25:19 PM: Building project step 'Mode of build'...
Error at Line 3, Column 1  (Object required: 'objMacro')
27/03/2006 6:25:19 PM: Step 'Mode of build' failed
27/03/2006 6:25:20 PM: Building failure step 'Failed'...
27/03/2006 6:25:20 PM: Building failure step 'Write failure'...
27/03/2006 6:25:20 PM: Build ended.
27/03/2006 6:25:58 PM: --------------------Starting Build: '\\frog\ssw\StandardsInternal\VisualBuildProSetup\VBPMasterBuild.bld'--------------------
27/03/2006 6:26:02 PM: Building project step 'Mode of build'...
Error at Line 3, Column 1  (Object required: 'objMacro')
27/03/2006 6:26:03 PM: Step 'Mode of build' failed
27/03/2006 6:26:03 PM: Building failure step 'Failed'...
27/03/2006 6:26:03 PM: Building failure step 'Write failure'...
27/03/2006 6:26:03 PM: Build ended.
27/03/2006 6:26:19 PM: --------------------Starting Build: '\\frog\ssw\StandardsInternal\VisualBuildProSetup\VBPMasterBuild.bld'--------------------
27/03/2006 6:26:42 PM: Build canceled by user.
27/03/2006 6:53:37 PM: --------------------Starting Build: '\\frog\ssw\StandardsInternal\VisualBuildProSetup\VBPMasterBuild.bld'--------------------
27/03/2006 6:53:37 PM: Building project step 'Mode of build'...
Error at Line 3, Column 1  (Object required: 'objMacro')
27/03/2006 6:53:38 PM: Step 'Mode of build' failed
27/03/2006 6:53:38 PM: Building failure step 'Failed'...
27/03/2006 6:53:38 PM: Building failure step 'Write failure'...
27/03/2006 6:53:38 PM: Build ended.
27/03/2006 6:53:42 PM: --------------------Starting Build: '\\frog\ssw\StandardsInternal\VisualBuildProSetup\VBPMasterBuild.bld'--------------------
27/03/2006 6:53:45 PM: Building project step 'Mode of build'...
Error at Line 3, Column 1  (Object required: 'objMacro')
27/03/2006 6:53:46 PM: Step 'Mode of build' failed
27/03/2006 6:53:46 PM: Building failure step 'Failed'...
27/03/2006 6:53:46 PM: Building failure step 'Write failure'...
27/03/2006 6:53:46 PM: Build ended.
27/03/2006 6:54:11 PM: --------------------Starting Build: '\\frog\ssw\StandardsInternal\VisualBuildProSetup\VBPMasterBuild.bld'--------------------
27/03/2006 6:54:11 PM: Building project step 'Mode of build'...
Error at Line 3, Column 1  (Object required: 'objMacro')
27/03/2006 6:54:11 PM: Step 'Mode of build' failed
27/03/2006 6:54:11 PM: Building failure step 'Failed'...
27/03/2006 6:54:11 PM: Building failure step 'Write failure'...
27/03/2006 6:54:12 PM: Build ended.
4/11/2006 9:57:22 AM: --------------------Starting Build: '\\frog\ssw\standardsinternal\VisualBuildProSetup\VBPMasterBuild.bld'--------------------
4/11/2006 9:57:23 AM: Building project step 'If any file is Checked-out, SKIP ALL'...
4/11/2006 9:57:29 AM: Build successfully completed.
4/11/2006 9:57:46 AM: --------------------Starting Build: '\\frog\ssw\standardsinternal\VisualBuildProSetup\VBPMasterBuild.bld'--------------------
4/11/2006 9:57:46 AM: Building project step 'Mode of build'...
Error at Line 3, Column 1  (Object required: 'objMacro')
4/11/2006 9:57:46 AM: Step 'Mode of build' failed
4/11/2006 9:57:46 AM: Building failure step 'Failed'...
4/11/2006 9:57:46 AM: Building failure step 'Write failure'...
4/11/2006 9:57:46 AM: Build ended.
28/04/2006 2:58:55 PM: --------------------Starting Build: '\\frog\ssw\standardsinternal\VisualBuildProSetup\VBPMasterBuild.bld'--------------------
28/04/2006 2:58:56 PM: Build successfully completed.
28/04/2006 2:59:08 PM: --------------------Starting Build: '\\frog\ssw\standardsinternal\VisualBuildProSetup\VBPMasterBuild.bld'--------------------
28/04/2006 2:59:09 PM: Build successfully completed.
28/04/2006 3:07:49 PM: --------------------Starting Build: '\\frog\ssw\standardsinternal\VisualBuildProSetup\VBPMasterBuild.bld'--------------------
28/04/2006 3:07:49 PM: Building project step 'If any file is Checked-out, SKIP ALL'...
Error at Line 20, Column 1  (File or project not found)
28/04/2006 3:07:50 PM: Step 'If any file is Checked-out, SKIP ALL' failed
28/04/2006 3:07:50 PM: Building failure step 'Failed'...
28/04/2006 3:07:50 PM: Building failure step 'Write failure'...
28/04/2006 3:07:50 PM: Build ended.
28/04/2006 3:08:02 PM: --------------------Starting Build: '\\frog\ssw\standardsinternal\VisualBuildProSetup\VBPMasterBuild.bld'--------------------
28/04/2006 3:08:03 PM: Build successfully completed.
28/04/2006 3:08:10 PM: --------------------Starting Build: '\\frog\ssw\standardsinternal\VisualBuildProSetup\VBPMasterBuild.bld'--------------------
28/04/2006 3:08:10 PM: Building project step 'Get Latest of .sln file'...
$/ssw/SSWeXtremeEmails/SSWeXtremeEmails.sln is not an existing filename or project

Process completed with exit code 100
28/04/2006 3:08:11 PM: Step 'Get Latest of .sln file' failed
28/04/2006 3:08:11 PM: Building failure step 'Failed'...
28/04/2006 3:08:11 PM: Building failure step 'Write failure'...
28/04/2006 3:08:11 PM: Build ended.
28/04/2006 3:08:14 PM: --------------------Starting Build: '\\frog\ssw\standardsinternal\VisualBuildProSetup\VBPMasterBuild.bld'--------------------
28/04/2006 3:08:15 PM: Build successfully completed.
28/04/2006 3:16:19 PM: --------------------Starting Build: '\\frog\ssw\standardsinternal\VisualBuildProSetup\VBPMasterBuild.bld'--------------------
28/04/2006 3:16:19 PM: Building project step 'If any file is Checked-out, SKIP ALL'...
Error at Line 20, Column 1  (File or project not found)
28/04/2006 3:16:20 PM: Step 'If any file is Checked-out, SKIP ALL' failed
28/04/2006 3:16:20 PM: Building failure step 'Failed'...
28/04/2006 3:16:20 PM: Building failure step 'Write failure'...
28/04/2006 3:16:20 PM: Build ended.
28/04/2006 3:16:24 PM: --------------------Starting Build: '\\frog\ssw\standardsinternal\VisualBuildProSetup\VBPMasterBuild.bld'--------------------
28/04/2006 3:16:25 PM: Build successfully completed.
28/04/2006 3:16:36 PM: --------------------Starting Build: '\\frog\ssw\standardsinternal\VisualBuildProSetup\VBPMasterBuild.bld'--------------------
28/04/2006 3:16:37 PM: Build successfully completed.
28/04/2006 4:55:07 PM: --------------------Starting Build: '\\frog\ssw\standardsinternal\VisualBuildProSetup\VBPMasterBuild.bld'--------------------
28/04/2006 4:55:08 PM: Building project step 'If any file is Checked-out, SKIP ALL'...
28/04/2006 4:55:11 PM: Build successfully completed.
28/04/2006 4:55:19 PM: --------------------Starting Build: '\\frog\ssw\standardsinternal\VisualBuildProSetup\VBPMasterBuild.bld'--------------------
28/04/2006 4:55:20 PM: Build successfully completed.
1/05/2006 10:45:19 AM: --------------------Starting Build: '\\frog\ssw\standardsinternal\VisualBuildProSetup\VBPMasterBuild.bld'--------------------
1/05/2006 10:45:19 AM: Building project step 'If any file is Checked-out, SKIP ALL'...
1/05/2006 10:45:23 AM: Build successfully completed.
1/05/2006 10:45:29 AM: --------------------Starting Build: '\\frog\ssw\standardsinternal\VisualBuildProSetup\VBPMasterBuild.bld'--------------------
1/05/2006 10:45:30 AM: Build successfully completed.
1/05/2006 10:45:41 AM: --------------------Starting Build: '\\frog\ssw\standardsinternal\VisualBuildProSetup\VBPMasterBuild.bld'--------------------
1/05/2006 10:45:41 AM: Building project step 'Mode of build'...
Error at Line 3, Column 1  (Object required: 'objMacro')
1/05/2006 10:45:41 AM: Step 'Mode of build' failed
1/05/2006 10:45:41 AM: Building failure step 'Failed'...
1/05/2006 10:45:41 AM: Building failure step 'Write failure'...
1/05/2006 10:45:41 AM: Build ended.
1/05/2006 10:45:51 AM: --------------------Starting Build: '\\frog\ssw\standardsinternal\VisualBuildProSetup\VBPMasterBuild.bld'--------------------
1/05/2006 10:45:51 AM: Building project step 'If any file is Checked-out, SKIP ALL'...
1/05/2006 10:45:52 AM: Building project step 'VBP Build Process'...
1/05/2006 10:45:52 AM: Building project step 'Remove VSS Solution Binding'...
1/05/2006 10:45:52 AM: Step skipped
1/05/2006 10:45:52 AM: Building project step 'Build Projects'...
1/05/2006 10:45:52 AM: Building project step 'Get Version Number'...
Error at Line 4, Column 1  (Path not found)
1/05/2006 10:45:52 AM: Step 'Get Version Number' failed
1/05/2006 10:45:52 AM: Building failure step 'Failed'...
1/05/2006 10:45:52 AM: Building failure step 'Write failure'...
1/05/2006 10:45:52 AM: Build ended.
1/05/2006 10:46:06 AM: --------------------Starting Build: '\\frog\ssw\standardsinternal\VisualBuildProSetup\VBPMasterBuild.bld'--------------------
1/05/2006 10:46:06 AM: Building project step 'If any file is Checked-out, SKIP ALL'...
1/05/2006 10:46:07 AM: Building project step 'VBP Build Process'...
1/05/2006 10:46:07 AM: Building project step 'Remove VSS Solution Binding'...
1/05/2006 10:46:07 AM: Step skipped
1/05/2006 10:46:07 AM: Building project step 'Build Projects'...
1/05/2006 10:46:07 AM: Building project step 'Make Release dlls writable'...
1/05/2006 10:46:07 AM: Building project step 'Delete Obj Folder'...
1/05/2006 10:46:20 AM: Build canceled by user.
1/05/2006 10:46:33 AM: --------------------Starting Build: '\\frog\ssw\standardsinternal\VisualBuildProSetup\VBPMasterBuild.bld'--------------------
1/05/2006 10:46:33 AM: Building project step 'If any file is Checked-out, SKIP ALL'...
1/05/2006 10:46:34 AM: Building project step 'VBP Build Process'...
1/05/2006 10:46:34 AM: Building project step 'Remove VSS Solution Binding'...
1/05/2006 10:46:34 AM: Step skipped
1/05/2006 10:46:35 AM: Building project step 'Build Projects'...
1/05/2006 10:46:35 AM: Building project step 'Make Release dlls writable'...
1/05/2006 10:46:35 AM: Building project step 'Build Solution'...
Project/solution file \\frog\ssw\standardsinternal\VisualBuildProSetup\..\SSWeXtremeEmails.sln does not exist
1/05/2006 10:46:35 AM: Step 'Build Solution' failed
1/05/2006 10:46:35 AM: Building failure step 'Failed'...
1/05/2006 10:46:36 AM: Building failure step 'Write failure'...
1/05/2006 10:46:36 AM: Build ended.
1/05/2006 10:46:44 AM: --------------------Starting Build: '\\frog\ssw\standardsinternal\VisualBuildProSetup\VBPMasterBuild.bld'--------------------
1/05/2006 10:46:44 AM: Building project step 'Build Solution'...
Project/solution file \\frog\ssw\standardsinternal\VisualBuildProSetup\..\SSWeXtremeEmails.sln does not exist
1/05/2006 10:46:44 AM: Step 'Build Solution' failed
1/05/2006 10:46:44 AM: Build ended.
1/05/2006 10:46:57 AM: --------------------Starting Build: '\\frog\ssw\standardsinternal\VisualBuildProSetup\VBPMasterBuild.bld'--------------------
1/05/2006 10:46:57 AM: Building project step 'If any file is Checked-out, SKIP ALL'...
1/05/2006 10:46:58 AM: Building project step 'VBP Build Process'...
1/05/2006 10:46:58 AM: Building project step 'Remove VSS Solution Binding'...
1/05/2006 10:46:58 AM: Step skipped
1/05/2006 10:46:58 AM: Building project step 'Build Projects'...
1/05/2006 10:46:58 AM: Building project step 'Make Release dlls writable'...
1/05/2006 10:46:58 AM: Building project step 'Delete Obj Folder'...
1/05/2006 10:47:10 AM: Building project step 'Create Installs'...
1/05/2006 10:47:10 AM: Building project step 'Create Temp Wise Build'...
\\frog\ssw\standardsinternal\VisualBuildProSetup\ -> \\frog\ssw\standardsinternal\
0 file(s) copied
1/05/2006 10:47:10 AM: Building project step 'Rename Temp Wise Build'...
1/05/2006 10:47:10 AM: Building project step 'Move Temp Wise Build'...
\\frog\ssw\standardsinternal\ -> \\frog\ssw\standardsinternal\VisualBuildProSetup\
0 file(s) moved
1/05/2006 10:47:10 AM: Building project step 'Hardcode Version Number'...
1/05/2006 10:47:38 AM: Building project step 'Build From Wise'...
Unable to open file \\frog\ssw\standardsinternal\VisualBuildProSetup\Compile.log: The system cannot find the file specified.

Process completed with exit code 1
1/05/2006 10:47:42 AM: Step 'Build From Wise' failed
1/05/2006 10:47:42 AM: Building failure step 'Failed'...
1/05/2006 10:47:42 AM: Building failure step 'Write failure'...
1/05/2006 10:47:42 AM: Build ended.
1/05/2006 10:51:15 AM: --------------------Starting Build: '\\frog\ssw\standardsinternal\VisualBuildProSetup\VBPMasterBuild.bld'--------------------
1/05/2006 10:51:15 AM: Building project step 'If any file is Checked-out, SKIP ALL'...
1/05/2006 10:51:16 AM: Building project step 'VBP Build Process'...
1/05/2006 10:51:16 AM: Building project step 'Remove VSS Solution Binding'...
1/05/2006 10:51:17 AM: Step skipped
1/05/2006 10:51:17 AM: Building project step 'Build Projects'...
1/05/2006 10:51:17 AM: Building project step 'Get Version Number'...
Error at Line 4, Column 1  (Path not found)
1/05/2006 10:51:17 AM: Step 'Get Version Number' failed
1/05/2006 10:51:17 AM: Building failure step 'Failed'...
1/05/2006 10:51:17 AM: Building failure step 'Write failure'...
1/05/2006 10:51:17 AM: Build ended.
1/05/2006 10:51:25 AM: --------------------Starting Build: '\\frog\ssw\standardsinternal\VisualBuildProSetup\VBPMasterBuild.bld'--------------------
1/05/2006 10:51:25 AM: Building project step 'Get Version Number'...
Error at Line 4, Column 1  (Path not found)
1/05/2006 10:51:25 AM: Step 'Get Version Number' failed
1/05/2006 10:51:25 AM: Build ended.
1/05/2006 10:51:34 AM: --------------------Starting Build: '\\frog\ssw\standardsinternal\VisualBuildProSetup\VBPMasterBuild.bld'--------------------
1/05/2006 10:51:34 AM: Building project step 'If any file is Checked-out, SKIP ALL'...
1/05/2006 10:51:35 AM: Building project step 'VBP Build Process'...
1/05/2006 10:51:35 AM: Building project step 'Remove VSS Solution Binding'...
1/05/2006 10:51:35 AM: Step skipped
1/05/2006 10:51:35 AM: Building project step 'Build Projects'...
1/05/2006 10:51:35 AM: Building project step 'Make Release dlls writable'...
1/05/2006 10:51:35 AM: Building project step 'Delete Obj Folder'...
1/05/2006 10:51:48 AM: Building project step 'Create Installs'...
1/05/2006 10:51:48 AM: Building project step 'Create Temp Wise Build'...
\\frog\ssw\standardsinternal\VisualBuildProSetup\ -> \\frog\ssw\standardsinternal\
0 file(s) copied
1/05/2006 10:51:48 AM: Building project step 'Rename Temp Wise Build'...
1/05/2006 10:51:49 AM: Building project step 'Move Temp Wise Build'...
\\frog\ssw\standardsinternal\ -> \\frog\ssw\standardsinternal\VisualBuildProSetup\
0 file(s) moved
1/05/2006 10:51:49 AM: Building project step 'Hardcode Version Number'...
1/05/2006 10:52:09 AM: Building project step 'Build From Wise'...
Unable to open file \\frog\ssw\standardsinternal\VisualBuildProSetup\Compile.log: The system cannot find the file specified.

Process completed with exit code 1
1/05/2006 10:52:11 AM: Step 'Build From Wise' failed
1/05/2006 10:52:11 AM: Building failure step 'Failed'...
1/05/2006 10:52:11 AM: Building failure step 'Write failure'...
1/05/2006 10:52:11 AM: Build ended.
1/05/2006 10:52:17 AM: --------------------Starting Build: '\\frog\ssw\standardsinternal\VisualBuildProSetup\VBPMasterBuild.bld'--------------------
1/05/2006 10:52:17 AM: Building project step 'Build From Wise'...
Unable to open file \\frog\ssw\standardsinternal\VisualBuildProSetup\Compile.log: The system cannot find the file specified.

Process completed with exit code 1
1/05/2006 10:52:21 AM: Step 'Build From Wise' failed
1/05/2006 10:52:21 AM: Build ended.
1/05/2006 11:16:31 AM: --------------------Starting Build: '\\frog\ssw\standardsinternal\VisualBuildProSetup\VBPMasterBuild.bld'--------------------
1/05/2006 11:16:31 AM: Building project step 'Mode of build'...
Error at Line 3, Column 1  (Object required: 'objMacro')
1/05/2006 11:16:31 AM: Step 'Mode of build' failed
1/05/2006 11:16:31 AM: Building failure step 'Failed'...
1/05/2006 11:16:32 AM: Building failure step 'Write failure'...
1/05/2006 11:16:32 AM: Build ended.
1/05/2006 11:16:42 AM: --------------------Starting Build: '\\frog\ssw\standardsinternal\VisualBuildProSetup\VBPMasterBuild.bld'--------------------
1/05/2006 11:16:42 AM: Building project step 'Mode of build'...
Error at Line 3, Column 1  (Object required: 'objMacro')
1/05/2006 11:16:42 AM: Step 'Mode of build' failed
1/05/2006 11:16:42 AM: Building failure step 'Failed'...
1/05/2006 11:16:42 AM: Building failure step 'Write failure'...
1/05/2006 11:16:42 AM: Build ended.
1/05/2006 11:16:52 AM: --------------------Starting Build: '\\frog\ssw\standardsinternal\VisualBuildProSetup\VBPMasterBuild.bld'--------------------
1/05/2006 11:16:53 AM: Building project step 'Get Latest of .sln file'...
Getting $/ssw/SSWeXtremeEmails/SSWeXtremeEmails.sln
1/05/2006 11:16:53 AM: Building project step 'If any file is Checked-out, SKIP ALL'...
1/05/2006 11:16:54 AM: Building project step 'VBP Build Process'...
1/05/2006 11:16:54 AM: Building project step 'Remove VSS Solution Binding'...
1/05/2006 11:16:54 AM: Step skipped
1/05/2006 11:16:54 AM: Building project step 'Build Projects'...
1/05/2006 11:16:55 AM: Building project step 'Get Version Number'...
Error at Line 4, Column 1  (Path not found)
1/05/2006 11:16:55 AM: Step 'Get Version Number' failed
1/05/2006 11:16:55 AM: Building failure step 'Failed'...
1/05/2006 11:16:55 AM: Building failure step 'Write failure'...
1/05/2006 11:16:55 AM: Build ended.
1/05/2006 11:17:03 AM: --------------------Starting Build: '\\frog\ssw\standardsinternal\VisualBuildProSetup\VBPMasterBuild.bld'--------------------
1/05/2006 11:17:03 AM: Building project step 'Get Latest of .sln file'...
$/ssw/SSWeXtremeEmails/SSWeXtremeEmails.sln
1/05/2006 11:17:03 AM: Building project step 'If any file is Checked-out, SKIP ALL'...
1/05/2006 11:17:04 AM: Building project step 'VBP Build Process'...
1/05/2006 11:17:04 AM: Building project step 'Build Projects'...
1/05/2006 11:17:05 AM: Building project step 'Get Version Number'...
Error at Line 4, Column 1  (Path not found)
1/05/2006 11:17:05 AM: Step 'Get Version Number' failed
1/05/2006 11:17:05 AM: Building failure step 'Failed'...
1/05/2006 11:17:05 AM: Building failure step 'Write failure'...
1/05/2006 11:17:05 AM: Build ended.
1/05/2006 11:17:16 AM: --------------------Starting Build: '\\frog\ssw\standardsinternal\VisualBuildProSetup\VBPMasterBuild.bld'--------------------
1/05/2006 11:17:16 AM: Building project step 'Get Latest of .sln file'...
$/ssw/SSWeXtremeEmails/SSWeXtremeEmails.sln
1/05/2006 11:17:16 AM: Building project step 'If any file is Checked-out, SKIP ALL'...
1/05/2006 11:17:17 AM: Building project step 'VBP Build Process'...
1/05/2006 11:17:17 AM: Building project step 'Build Projects'...
1/05/2006 11:17:18 AM: Building project step 'Make Release dlls writable'...
1/05/2006 11:17:18 AM: Building project step 'Delete Obj Folder'...
1/05/2006 11:17:35 AM: Building project step 'Create Installs'...
1/05/2006 11:17:35 AM: Building project step 'Create Temp Wise Build'...
\\frog\ssw\standardsinternal\VisualBuildProSetup\ -> \\frog\ssw\standardsinternal\
0 file(s) copied
1/05/2006 11:17:35 AM: Building project step 'Rename Temp Wise Build'...
1/05/2006 11:17:35 AM: Building project step 'Move Temp Wise Build'...
\\frog\ssw\standardsinternal\ -> \\frog\ssw\standardsinternal\VisualBuildProSetup\
0 file(s) moved
1/05/2006 11:17:35 AM: Building project step 'Hardcode Version Number'...
1/05/2006 11:17:51 AM: Building project step 'Build From Wise'...
Unable to open file \\frog\ssw\standardsinternal\VisualBuildProSetup\Compile.log: The system cannot find the file specified.

Process completed with exit code 1
1/05/2006 11:17:53 AM: Step 'Build From Wise' failed
1/05/2006 11:17:53 AM: Building failure step 'Failed'...
1/05/2006 11:17:53 AM: Building failure step 'Write failure'...
1/05/2006 11:17:53 AM: Build ended.
8/05/2006 9:54:00 AM: --------------------Starting Build: '\\frog\ssw\standardsinternal\VisualBuildProSetup\VBPMasterBuild.bld'--------------------
8/05/2006 9:54:00 AM: Building project step 'If any file is Checked-out, SKIP ALL'...
8/05/2006 9:54:04 AM: Build successfully completed.
8/05/2006 9:54:12 AM: --------------------Starting Build: '\\frog\ssw\standardsinternal\VisualBuildProSetup\VBPMasterBuild.bld'--------------------
8/05/2006 9:54:12 AM: Building project step 'Mode of build'...
Error at Line 3, Column 1  (Object required: 'objMacro')
8/05/2006 9:54:12 AM: Step 'Mode of build' failed
8/05/2006 9:54:12 AM: Building failure step 'Failed'...
8/05/2006 9:54:12 AM: Building failure step 'Write failure'...
8/05/2006 9:54:13 AM: Build ended.
8/05/2006 9:54:19 AM: --------------------Starting Build: '\\frog\ssw\standardsinternal\VisualBuildProSetup\VBPMasterBuild.bld'--------------------
8/05/2006 9:54:19 AM: Building project step 'If any file is Checked-out, SKIP ALL'...
8/05/2006 9:54:20 AM: Building project step 'VBP Build Process'...
8/05/2006 9:54:20 AM: Building project step 'Build Projects'...
8/05/2006 9:54:21 AM: Building project step 'Get Version Number'...
Error at Line 4, Column 1  (Path not found)
8/05/2006 9:54:21 AM: Step 'Get Version Number' failed
8/05/2006 9:54:21 AM: Building failure step 'Failed'...
8/05/2006 9:54:21 AM: Building failure step 'Write failure'...
8/05/2006 9:54:21 AM: Build ended.
20/06/2006 10:46:44 AM: --------------------Starting Build: '\\frog\ssw\StandardsInternal\VisualBuildProSetup\VBPMasterBuildVS2005.bld'--------------------
20/06/2006 10:46:44 AM: Building project step 'Notify of Release'...
Message successfully sent
20/06/2006 10:46:45 AM: Build successfully completed.
20/06/2006 10:46:48 AM: --------------------Starting Build: '\\frog\ssw\StandardsInternal\VisualBuildProSetup\VBPMasterBuildVS2005.bld'--------------------
20/06/2006 10:46:48 AM: Building project step 'Notify of Completion'...
Message successfully sent
20/06/2006 10:46:48 AM: Build successfully completed.
20/06/2006 10:50:14 AM: --------------------Starting Build: '\\frog\ssw\StandardsInternal\VisualBuildProSetup\VBPMasterBuildVS2005.bld'--------------------
20/06/2006 10:50:14 AM: Building project step 'Notify of Release'...
Message successfully sent
20/06/2006 10:50:14 AM: Build successfully completed.
20/06/2006 10:53:52 AM: --------------------Starting Build: '\\frog\ssw\StandardsInternal\VisualBuildProSetup\VBPMasterBuildVS2005.bld'--------------------
20/06/2006 10:53:52 AM: Building project step 'Notify of Release'...
Message successfully sent
20/06/2006 10:53:53 AM: Build successfully completed.
20/06/2006 10:59:28 AM: --------------------Starting Build: '\\frog\ssw\StandardsInternal\VisualBuildProSetup\VBPMasterBuildVS2005.bld'--------------------
20/06/2006 10:59:28 AM: Building project step 'Notify of Completion'...
Message successfully sent
20/06/2006 10:59:28 AM: Build successfully completed.
20/06/2006 10:59:30 AM: --------------------Starting Build: '\\frog\ssw\StandardsInternal\VisualBuildProSetup\VBPMasterBuildVS2005.bld'--------------------
20/06/2006 10:59:30 AM: Building project step 'Notify of Release'...
Message successfully sent
20/06/2006 10:59:31 AM: Build successfully completed.
20/06/2006 11:04:49 AM: --------------------Starting Build: '\\frog\ssw\StandardsInternal\VisualBuildProSetup\VBPMasterBuildVS2005.bld'--------------------
20/06/2006 11:04:49 AM: Building project step 'Notify of Release'...
Message successfully sent
20/06/2006 11:04:49 AM: Build successfully completed.
20/06/2006 11:04:51 AM: --------------------Starting Build: '\\frog\ssw\StandardsInternal\VisualBuildProSetup\VBPMasterBuildVS2005.bld'--------------------
20/06/2006 11:04:51 AM: Building project step 'Notify of Completion'...
Message successfully sent
20/06/2006 11:04:51 AM: Build successfully completed.
20/06/2006 11:17:17 AM: --------------------Starting Build: '\\frog\ssw\StandardsInternal\VisualBuildProSetup\VBPMasterBuildVS2005.bld'--------------------
20/06/2006 11:17:17 AM: Building project step 'Notify of Release'...
Message successfully sent
20/06/2006 11:17:17 AM: Build successfully completed.
20/06/2006 11:27:07 AM: --------------------Starting Build: '\\frog\ssw\StandardsInternal\VisualBuildProSetup\VBPMasterBuildVS2005.bld'--------------------
20/06/2006 11:27:07 AM: Building project step 'Notify of Release'...
Message successfully sent
20/06/2006 11:27:07 AM: Build successfully completed.
21/06/2006 1:27:28 PM: --------------------Starting Build: '\\frog\ssw\StandardsInternal\VisualBuildProSetup\VBPMasterBuildVS2005.bld'--------------------
21/06/2006 1:27:28 PM: Building project step 'Notify of Release'...
Message successfully sent
21/06/2006 1:27:28 PM: Build successfully completed.
26/07/2006 3:06:39 PM: --------------------Starting Build: '\\frog\ssw\StandardsInternal\VisualBuildProSetup\VBPMasterBuildVS2005.bld'--------------------
26/07/2006 3:07:07 PM: Build canceled by user.
26/07/2006 3:07:21 PM: --------------------Starting Build: '\\frog\ssw\StandardsInternal\VisualBuildProSetup\VBPMasterBuildVS2005.bld'--------------------
26/07/2006 3:07:27 PM: Building project step 'Build From Wise'...
26/07/2006 3:45:18 PM: Build canceled by user.
26/07/2006 3:49:07 PM: --------------------Starting Build: '\\frog\ssw\StandardsInternal\VisualBuildProSetup\VBPMasterBuildVS2005.bld'--------------------
26/07/2006 3:49:21 PM: Building project step 'Build From Wise'...
Unable to open file \\frog\ssw\StandardsInternal\VisualBuildProSetup\Compile.log: The system cannot find the file specified.

Process completed with exit code 1
26/07/2006 3:50:16 PM: Step 'Build From Wise' failed
26/07/2006 3:50:23 PM: Build ended.
13/11/2006 3:48:46 PM: --------------------Starting Build: '\\ant\ssw\StandardsInternal\VisualBuildProSetup\VBPMasterBuild.bld'--------------------
13/11/2006 3:48:47 PM: Building project step 'Find Project References'...
13/11/2006 3:48:47 PM: Building project step 'If any file is Checked-out, SKIP ALL'...
Error at Line 20, Column 1  (File or project not found)
13/11/2006 3:48:47 PM: Step 'If any file is Checked-out, SKIP ALL' failed
13/11/2006 3:48:48 PM: Building failure step 'Failed'...
13/11/2006 3:48:48 PM: Building failure step 'Write failure'...
13/11/2006 3:48:48 PM: Build ended.
13/11/2006 3:48:52 PM: --------------------Starting Build: '\\ant\ssw\StandardsInternal\VisualBuildProSetup\VBPMasterBuild.bld'--------------------
13/11/2006 3:48:52 PM: Building project step 'VBP Build Process'...
13/11/2006 3:48:52 PM: Building project step 'Get Latest of Current Solution'...
$/ssw/SSWeXtremeEmails has been deleted. 

Process completed with exit code 100
13/11/2006 3:48:53 PM: Step 'Get Latest of Current Solution' failed
13/11/2006 3:48:53 PM: Building failure step 'Failed'...
13/11/2006 3:48:53 PM: Building failure step 'Write failure'...
13/11/2006 3:48:53 PM: Build ended.
13/11/2006 3:48:58 PM: --------------------Starting Build: '\\ant\ssw\StandardsInternal\VisualBuildProSetup\VBPMasterBuild.bld'--------------------
13/11/2006 3:48:58 PM: Building project step 'Get Latest Loop'...
13/11/2006 3:48:58 PM: Step skipped
13/11/2006 3:48:58 PM: Building project step 'Set Macro'...
13/11/2006 3:48:58 PM: Step skipped
13/11/2006 3:48:59 PM: Building project step 'Get Latest Referenced Projects'...
13/11/2006 3:48:59 PM: Step skipped
13/11/2006 3:48:59 PM: Building project step 'Increment Counter'...
13/11/2006 3:48:59 PM: Step skipped
13/11/2006 3:48:59 PM: Building project step 'Remove VSS Solution Binding'...
13/11/2006 3:48:59 PM: Step skipped
13/11/2006 3:49:00 PM: Building project step 'Build Projects'...
13/11/2006 3:49:00 PM: Building project step 'Get Version Number'...
Error at Line 4, Column 1  (Path not found)
13/11/2006 3:49:00 PM: Step 'Get Version Number' failed
13/11/2006 3:49:00 PM: Building failure step 'Failed'...
13/11/2006 3:49:00 PM: Building failure step 'Write failure'...
13/11/2006 3:49:01 PM: Build ended.
13/11/2006 3:49:05 PM: --------------------Starting Build: '\\ant\ssw\StandardsInternal\VisualBuildProSetup\VBPMasterBuild.bld'--------------------
13/11/2006 3:49:05 PM: Building project step 'Make Release dlls writable'...
13/11/2006 3:49:06 PM: Building project step 'Build Solution'...
Error loading info for project file '\\ant\ssw\StandardsInternal\VisualBuildProSetup\..\SSWeXtremeEmails.vbproj': Could not find file '\\ant\ssw\StandardsInternal\SSWeXtremeEmails.vbproj'.
13/11/2006 3:49:08 PM: Step 'Build Solution' failed
13/11/2006 3:49:08 PM: Building failure step 'Failed'...
13/11/2006 3:49:08 PM: Building failure step 'Write failure'...
13/11/2006 3:49:09 PM: Build ended.
13/11/2006 3:49:17 PM: --------------------Starting Build: '\\ant\ssw\StandardsInternal\VisualBuildProSetup\VBPMasterBuild.bld'--------------------
13/11/2006 3:49:17 PM: Building project step 'Delete Obj Folder'...
13/11/2006 3:49:21 PM: Building project step 'Create Installs'...
13/11/2006 3:49:21 PM: Building project step 'Create Temp Wise Build'...
\\ant\ssw\StandardsInternal\VisualBuildProSetup\ -> \\ant\ssw\StandardsInternal\
0 file(s) copied
13/11/2006 3:49:22 PM: Building project step 'Rename Temp Wise Build'...
13/11/2006 3:49:22 PM: Building project step 'Move Temp Wise Build'...
\\ant\ssw\StandardsInternal\ -> \\ant\ssw\StandardsInternal\VisualBuildProSetup\
0 file(s) moved
13/11/2006 3:49:23 PM: Building project step 'Hardcode Version Number'...
13/11/2006 3:49:39 PM: Build canceled by user.
1/12/2006 3:33:01 PM: --------------------Starting Build: '\\ant\ssw\StandardsInternal\VisualBuildProSetup\VBPMasterBuildVS2005.bld'--------------------
1/12/2006 3:33:01 PM: Building project step 'Create Installs'...
1/12/2006 3:33:01 PM: Step skipped
1/12/2006 3:33:01 PM: Building project step 'Create Temp Wise Build'...
1/12/2006 3:33:01 PM: Step skipped
1/12/2006 3:33:01 PM: Building project step 'Rename Temp Wise Build'...
1/12/2006 3:33:01 PM: Step skipped
1/12/2006 3:33:01 PM: Building project step 'Move Temp Wise Build'...
1/12/2006 3:33:01 PM: Step skipped
1/12/2006 3:33:01 PM: Building project step 'Hardcode Version Number'...
1/12/2006 3:33:02 PM: Step skipped
1/12/2006 3:33:02 PM: Building project step 'Build From Wise'...
1/12/2006 3:33:02 PM: Step skipped
1/12/2006 3:33:02 PM: Building project step 'Build From Wise 6.0'...
1/12/2006 3:33:02 PM: Step skipped
1/12/2006 3:33:02 PM: Building project step 'Delete Temp File'...
1/12/2006 3:33:02 PM: Step skipped
1/12/2006 3:33:02 PM: Build successfully completed.
1/12/2006 3:33:11 PM: --------------------Starting Build: '\\ant\ssw\StandardsInternal\VisualBuildProSetup\VBPMasterBuildVS2005.bld'--------------------
1/12/2006 3:33:12 PM: Build successfully completed.
1/12/2006 3:33:26 PM: --------------------Starting Build: '\\ant\ssw\StandardsInternal\VisualBuildProSetup\VBPMasterBuildVS2005.bld'--------------------
1/12/2006 3:33:27 PM: Build successfully completed.
1/12/2006 3:33:31 PM: --------------------Starting Build: '\\ant\ssw\StandardsInternal\VisualBuildProSetup\VBPMasterBuildVS2005.bld'--------------------
1/12/2006 3:33:31 PM: Build successfully completed.
1/12/2006 3:33:35 PM: --------------------Starting Build: '\\ant\ssw\StandardsInternal\VisualBuildProSetup\VBPMasterBuildVS2005.bld'--------------------
1/12/2006 3:33:36 PM: Build successfully completed.
14/12/2006 8:44:10 AM: --------------------Starting Build: '\\ant\ssw\StandardsInternal\VisualBuildProSetup\VBPMasterBuildVS2005.bld'--------------------
14/12/2006 8:44:11 AM: Building project step 'Rename to BETA'...
14/12/2006 8:44:11 AM: Build successfully completed.
2/11/2007 2:29:52 PM: --------------------Starting Build: '\\ant\ssw\StandardsInternal\VisualBuildProSetup\VBPMasterBuild.bld'--------------------
2/11/2007 2:30:05 PM: Building project step 'Mode of build'...
Error in Run Script (VBScript) script code at Line 3, Column 1  (????: 'objMacro')
2/11/2007 2:30:24 PM: Step 'Mode of build' failed
2/11/2007 2:30:39 PM: Build canceled by user.
2/11/2007 2:32:08 PM: --------------------Starting Build: '\\ant\ssw\StandardsInternal\VisualBuildProSetup\VBPMasterBuild.bld'--------------------
2/11/2007 2:32:24 PM: Building project step 'VBP Build Process'...
2/11/2007 2:32:40 PM: Build canceled by user.
2/11/2007 2:32:44 PM: --------------------Starting Build: '\\ant\ssw\StandardsInternal\VisualBuildProSetup\VBPMasterBuild.bld'--------------------
2/11/2007 2:32:59 PM: Building project step 'VBP Build Process'...
2/11/2007 2:33:11 PM: Build successfully completed.
2/11/2007 2:33:20 PM: --------------------Starting Build: '\\ant\ssw\StandardsInternal\VisualBuildProSetup\VBPMasterBuild.bld'--------------------
2/11/2007 2:33:47 PM: Build successfully completed.
2/11/2007 2:33:59 PM: --------------------Starting Build: '\\ant\ssw\StandardsInternal\VisualBuildProSetup\VBPMasterBuild.bld'--------------------
2/11/2007 2:34:17 PM: Build successfully completed.
2/11/2007 2:34:26 PM: --------------------Starting Build: '\\ant\ssw\StandardsInternal\VisualBuildProSetup\VBPMasterBuild.bld'--------------------
2/11/2007 2:34:51 PM: Building project step 'Remove VSS Solution Binding'...
2/11/2007 2:35:08 PM: Build canceled by user.
